{"C:\\Users\\subsa\\Desktop\\Splitter-frontend\\components\\pages\\LoginPage.jsx": {"path":"C:\\Users\\subsa\\Desktop\\Splitter-frontend\\components\\pages\\LoginPage.jsx","statementMap":{"0":{"start":{"line":9,"column":24},"end":{"line":9,"column":34}},"1":{"start":{"line":3,"column":43},"end":{"line":3,"column":null}},"2":{"start":{"line":4,"column":25},"end":{"line":4,"column":null}},"3":{"start":{"line":5,"column":7},"end":{"line":5,"column":null}},"4":{"start":{"line":6,"column":65},"end":{"line":6,"column":null}},"5":{"start":{"line":7,"column":68},"end":{"line":7,"column":null}},"6":{"start":{"line":10,"column":33},"end":{"line":10,"column":null}},"7":{"start":{"line":11,"column":21},"end":{"line":11,"column":null}},"8":{"start":{"line":12,"column":40},"end":{"line":12,"column":62}},"9":{"start":{"line":14,"column":34},"end":{"line":22,"column":null}},"10":{"start":{"line":15,"column":28},"end":{"line":15,"column":null}},"11":{"start":{"line":16,"column":4},"end":{"line":21,"column":null}},"12":{"start":{"line":23,"column":32},"end":{"line":23,"column":null}},"13":{"start":{"line":24,"column":36},"end":{"line":24,"column":null}},"14":{"start":{"line":25,"column":36},"end":{"line":25,"column":null}},"15":{"start":{"line":26,"column":28},"end":{"line":26,"column":null}},"16":{"start":{"line":27,"column":32},"end":{"line":27,"column":null}},"17":{"start":{"line":28,"column":26},"end":{"line":28,"column":39}},"18":{"start":{"line":31,"column":2},"end":{"line":47,"column":null}},"19":{"start":{"line":33,"column":4},"end":{"line":33,"column":null}},"20":{"start":{"line":35,"column":27},"end":{"line":45,"column":null}},"21":{"start":{"line":36,"column":6},"end":{"line":44,"column":null}},"22":{"start":{"line":37,"column":23},"end":{"line":37,"column":null}},"23":{"start":{"line":38,"column":8},"end":{"line":41,"column":null}},"24":{"start":{"line":39,"column":10},"end":{"line":39,"column":null}},"25":{"start":{"line":40,"column":10},"end":{"line":40,"column":null}},"26":{"start":{"line":40,"column":31},"end":{"line":40,"column":null}},"27":{"start":{"line":43,"column":8},"end":{"line":43,"column":null}},"28":{"start":{"line":46,"column":4},"end":{"line":46,"column":null}},"29":{"start":{"line":49,"column":28},"end":{"line":56,"column":null}},"30":{"start":{"line":50,"column":28},"end":{"line":50,"column":36}},"31":{"start":{"line":51,"column":4},"end":{"line":51,"column":null}},"32":{"start":{"line":53,"column":4},"end":{"line":55,"column":null}},"33":{"start":{"line":54,"column":6},"end":{"line":54,"column":null}},"34":{"start":{"line":59,"column":30},"end":{"line":116,"column":null}},"35":{"start":{"line":60,"column":4},"end":{"line":60,"column":null}},"36":{"start":{"line":62,"column":4},"end":{"line":65,"column":null}},"37":{"start":{"line":63,"column":6},"end":{"line":63,"column":null}},"38":{"start":{"line":64,"column":6},"end":{"line":64,"column":null}},"39":{"start":{"line":67,"column":4},"end":{"line":67,"column":null}},"40":{"start":{"line":68,"column":4},"end":{"line":68,"column":null}},"41":{"start":{"line":70,"column":4},"end":{"line":115,"column":null}},"42":{"start":{"line":71,"column":21},"end":{"line":74,"column":null}},"43":{"start":{"line":76,"column":6},"end":{"line":76,"column":null}},"44":{"start":{"line":79,"column":19},"end":{"line":79,"column":null}},"45":{"start":{"line":80,"column":6},"end":{"line":80,"column":null}},"46":{"start":{"line":81,"column":6},"end":{"line":81,"column":null}},"47":{"start":{"line":83,"column":6},"end":{"line":98,"column":null}},"48":{"start":{"line":100,"column":6},"end":{"line":102,"column":null}},"49":{"start":{"line":101,"column":8},"end":{"line":101,"column":null}},"50":{"start":{"line":104,"column":6},"end":{"line":104,"column":null}},"51":{"start":{"line":106,"column":6},"end":{"line":108,"column":null}},"52":{"start":{"line":107,"column":8},"end":{"line":107,"column":null}},"53":{"start":{"line":111,"column":6},"end":{"line":111,"column":null}},"54":{"start":{"line":112,"column":6},"end":{"line":112,"column":null}},"55":{"start":{"line":114,"column":6},"end":{"line":114,"column":null}},"56":{"start":{"line":119,"column":27},"end":{"line":137,"column":null}},"57":{"start":{"line":120,"column":4},"end":{"line":123,"column":null}},"58":{"start":{"line":121,"column":6},"end":{"line":121,"column":null}},"59":{"start":{"line":122,"column":6},"end":{"line":122,"column":null}},"60":{"start":{"line":125,"column":4},"end":{"line":125,"column":null}},"61":{"start":{"line":126,"column":4},"end":{"line":126,"column":null}},"62":{"start":{"line":128,"column":4},"end":{"line":136,"column":null}},"63":{"start":{"line":129,"column":21},"end":{"line":129,"column":null}},"64":{"start":{"line":130,"column":6},"end":{"line":130,"column":null}},"65":{"start":{"line":131,"column":6},"end":{"line":131,"column":null}},"66":{"start":{"line":133,"column":6},"end":{"line":133,"column":null}},"67":{"start":{"line":135,"column":6},"end":{"line":135,"column":null}},"68":{"start":{"line":140,"column":24},"end":{"line":195,"column":null}},"69":{"start":{"line":141,"column":4},"end":{"line":144,"column":null}},"70":{"start":{"line":142,"column":6},"end":{"line":142,"column":null}},"71":{"start":{"line":143,"column":6},"end":{"line":143,"column":null}},"72":{"start":{"line":146,"column":4},"end":{"line":146,"column":null}},"73":{"start":{"line":147,"column":4},"end":{"line":147,"column":null}},"74":{"start":{"line":149,"column":4},"end":{"line":194,"column":null}},"75":{"start":{"line":150,"column":24},"end":{"line":150,"column":null}},"76":{"start":{"line":152,"column":21},"end":{"line":156,"column":null}},"77":{"start":{"line":158,"column":6},"end":{"line":158,"column":null}},"78":{"start":{"line":161,"column":19},"end":{"line":161,"column":null}},"79":{"start":{"line":163,"column":6},"end":{"line":178,"column":null}},"80":{"start":{"line":180,"column":6},"end":{"line":182,"column":null}},"81":{"start":{"line":181,"column":8},"end":{"line":181,"column":null}},"82":{"start":{"line":184,"column":6},"end":{"line":184,"column":null}},"83":{"start":{"line":186,"column":6},"end":{"line":188,"column":null}},"84":{"start":{"line":187,"column":8},"end":{"line":187,"column":null}},"85":{"start":{"line":191,"column":6},"end":{"line":191,"column":null}},"86":{"start":{"line":193,"column":6},"end":{"line":193,"column":null}},"87":{"start":{"line":198,"column":31},"end":{"line":211,"column":null}},"88":{"start":{"line":199,"column":17},"end":{"line":199,"column":34}},"89":{"start":{"line":200,"column":4},"end":{"line":200,"column":null}},"90":{"start":{"line":200,"column":15},"end":{"line":200,"column":null}},"91":{"start":{"line":202,"column":4},"end":{"line":210,"column":null}},"92":{"start":{"line":203,"column":25},"end":{"line":203,"column":null}},"93":{"start":{"line":204,"column":23},"end":{"line":204,"column":null}},"94":{"start":{"line":205,"column":6},"end":{"line":205,"column":null}},"95":{"start":{"line":206,"column":6},"end":{"line":206,"column":null}},"96":{"start":{"line":206,"column":27},"end":{"line":206,"column":null}},"97":{"start":{"line":207,"column":6},"end":{"line":207,"column":null}},"98":{"start":{"line":209,"column":6},"end":{"line":209,"column":null}},"99":{"start":{"line":220,"column":29},"end":{"line":220,"column":null}},"100":{"start":{"line":271,"column":29},"end":{"line":271,"column":null}},"101":{"start":{"line":286,"column":29},"end":{"line":286,"column":null}},"102":{"start":{"line":359,"column":31},"end":{"line":359,"column":null}},"103":{"start":{"line":474,"column":35},"end":{"line":474,"column":null}},"104":{"start":{"line":514,"column":31},"end":{"line":514,"column":43}},"105":{"start":{"line":514,"column":43},"end":{"line":514,"column":63}},"106":{"start":{"line":514,"column":63},"end":{"line":514,"column":79}},"107":{"start":{"line":562,"column":29},"end":{"line":562,"column":null}}},"fnMap":{"0":{"name":"LoginPage","decl":{"start":{"line":9,"column":24},"end":{"line":9,"column":34}},"loc":{"start":{"line":9,"column":84},"end":{"line":595,"column":null}}},"1":{"name":"(anonymous_5)","decl":{"start":{"line":14,"column":43},"end":{"line":14,"column":null}},"loc":{"start":{"line":14,"column":43},"end":{"line":22,"column":null}}},"2":{"name":"(anonymous_6)","decl":{"start":{"line":31,"column":12},"end":{"line":31,"column":null}},"loc":{"start":{"line":31,"column":12},"end":{"line":47,"column":5}}},"3":{"name":"(anonymous_7)","decl":{"start":{"line":35,"column":27},"end":{"line":35,"column":null}},"loc":{"start":{"line":35,"column":27},"end":{"line":45,"column":null}}},"4":{"name":"(anonymous_8)","decl":{"start":{"line":40,"column":22},"end":{"line":40,"column":31}},"loc":{"start":{"line":40,"column":31},"end":{"line":40,"column":null}}},"5":{"name":"(anonymous_9)","decl":{"start":{"line":49,"column":28},"end":{"line":49,"column":29}},"loc":{"start":{"line":49,"column":29},"end":{"line":56,"column":null}}},"6":{"name":"(anonymous_10)","decl":{"start":{"line":59,"column":30},"end":{"line":59,"column":37}},"loc":{"start":{"line":59,"column":37},"end":{"line":116,"column":null}}},"7":{"name":"(anonymous_11)","decl":{"start":{"line":106,"column":28},"end":{"line":106,"column":null}},"loc":{"start":{"line":106,"column":28},"end":{"line":108,"column":null}}},"8":{"name":"(anonymous_12)","decl":{"start":{"line":119,"column":27},"end":{"line":119,"column":null}},"loc":{"start":{"line":119,"column":27},"end":{"line":137,"column":null}}},"9":{"name":"(anonymous_13)","decl":{"start":{"line":140,"column":24},"end":{"line":140,"column":null}},"loc":{"start":{"line":140,"column":24},"end":{"line":195,"column":null}}},"10":{"name":"(anonymous_14)","decl":{"start":{"line":186,"column":28},"end":{"line":186,"column":null}},"loc":{"start":{"line":186,"column":28},"end":{"line":188,"column":null}}},"11":{"name":"(anonymous_15)","decl":{"start":{"line":198,"column":31},"end":{"line":198,"column":38}},"loc":{"start":{"line":198,"column":38},"end":{"line":211,"column":null}}},"12":{"name":"(anonymous_16)","decl":{"start":{"line":206,"column":18},"end":{"line":206,"column":27}},"loc":{"start":{"line":206,"column":27},"end":{"line":206,"column":null}}},"13":{"name":"(anonymous_17)","decl":{"start":{"line":220,"column":23},"end":{"line":220,"column":29}},"loc":{"start":{"line":220,"column":29},"end":{"line":220,"column":null}}},"14":{"name":"(anonymous_18)","decl":{"start":{"line":271,"column":23},"end":{"line":271,"column":29}},"loc":{"start":{"line":271,"column":29},"end":{"line":271,"column":null}}},"15":{"name":"(anonymous_19)","decl":{"start":{"line":286,"column":23},"end":{"line":286,"column":29}},"loc":{"start":{"line":286,"column":29},"end":{"line":286,"column":null}}},"16":{"name":"(anonymous_20)","decl":{"start":{"line":359,"column":25},"end":{"line":359,"column":31}},"loc":{"start":{"line":359,"column":31},"end":{"line":359,"column":null}}},"17":{"name":"(anonymous_21)","decl":{"start":{"line":474,"column":29},"end":{"line":474,"column":35}},"loc":{"start":{"line":474,"column":35},"end":{"line":474,"column":null}}},"18":{"name":"(anonymous_22)","decl":{"start":{"line":514,"column":23},"end":{"line":514,"column":31}},"loc":{"start":{"line":514,"column":23},"end":{"line":514,"column":null}}},"19":{"name":"(anonymous_23)","decl":{"start":{"line":562,"column":23},"end":{"line":562,"column":29}},"loc":{"start":{"line":562,"column":29},"end":{"line":562,"column":null}}}},"branchMap":{"0":{"loc":{"start":{"line":15,"column":28},"end":{"line":15,"column":null}},"type":"cond-expr","locations":[{"start":{"line":15,"column":60},"end":{"line":15,"column":83}},{"start":{"line":15,"column":83},"end":{"line":15,"column":null}}]},"1":{"loc":{"start":{"line":17,"column":14},"end":{"line":17,"column":null}},"type":"binary-expr","locations":[{"start":{"line":17,"column":14},"end":{"line":17,"column":36}},{"start":{"line":17,"column":40},"end":{"line":17,"column":null}}]},"2":{"loc":{"start":{"line":38,"column":8},"end":{"line":41,"column":null}},"type":"if","locations":[{"start":{"line":38,"column":8},"end":{"line":41,"column":null}},{"start":{},"end":{}}]},"3":{"loc":{"start":{"line":53,"column":4},"end":{"line":55,"column":null}},"type":"if","locations":[{"start":{"line":53,"column":4},"end":{"line":55,"column":null}},{"start":{},"end":{}}]},"4":{"loc":{"start":{"line":62,"column":4},"end":{"line":65,"column":null}},"type":"if","locations":[{"start":{"line":62,"column":4},"end":{"line":65,"column":null}},{"start":{},"end":{}}]},"5":{"loc":{"start":{"line":62,"column":8},"end":{"line":62,"column":48}},"type":"binary-expr","locations":[{"start":{"line":62,"column":8},"end":{"line":62,"column":26}},{"start":{"line":62,"column":30},"end":{"line":62,"column":48}}]},"6":{"loc":{"start":{"line":86,"column":21},"end":{"line":86,"column":55}},"type":"binary-expr","locations":[{"start":{"line":86,"column":21},"end":{"line":86,"column":38}},{"start":{"line":86,"column":42},"end":{"line":86,"column":55}}]},"7":{"loc":{"start":{"line":87,"column":16},"end":{"line":87,"column":55}},"type":"binary-expr","locations":[{"start":{"line":87,"column":16},"end":{"line":87,"column":36}},{"start":{"line":87,"column":40},"end":{"line":87,"column":55}}]},"8":{"loc":{"start":{"line":88,"column":16},"end":{"line":88,"column":null}},"type":"binary-expr","locations":[{"start":{"line":88,"column":16},"end":{"line":88,"column":31}},{"start":{"line":88,"column":35},"end":{"line":88,"column":null}}]},"9":{"loc":{"start":{"line":89,"column":15},"end":{"line":89,"column":90}},"type":"binary-expr","locations":[{"start":{"line":89,"column":15},"end":{"line":89,"column":25}},{"start":{"line":89,"column":29},"end":{"line":89,"column":90}}]},"10":{"loc":{"start":{"line":89,"column":49},"end":{"line":89,"column":88}},"type":"binary-expr","locations":[{"start":{"line":89,"column":49},"end":{"line":89,"column":69}},{"start":{"line":89,"column":73},"end":{"line":89,"column":88}}]},"11":{"loc":{"start":{"line":90,"column":13},"end":{"line":90,"column":null}},"type":"binary-expr","locations":[{"start":{"line":90,"column":13},"end":{"line":90,"column":21}},{"start":{"line":90,"column":25},"end":{"line":90,"column":null}}]},"12":{"loc":{"start":{"line":92,"column":14},"end":{"line":92,"column":null}},"type":"binary-expr","locations":[{"start":{"line":92,"column":14},"end":{"line":92,"column":23}},{"start":{"line":92,"column":27},"end":{"line":92,"column":null}}]},"13":{"loc":{"start":{"line":93,"column":30},"end":{"line":93,"column":null}},"type":"binary-expr","locations":[{"start":{"line":93,"column":30},"end":{"line":93,"column":55}},{"start":{"line":93,"column":59},"end":{"line":93,"column":null}}]},"14":{"loc":{"start":{"line":94,"column":19},"end":{"line":94,"column":null}},"type":"binary-expr","locations":[{"start":{"line":94,"column":19},"end":{"line":94,"column":39}},{"start":{"line":94,"column":43},"end":{"line":94,"column":null}}]},"15":{"loc":{"start":{"line":95,"column":19},"end":{"line":95,"column":null}},"type":"binary-expr","locations":[{"start":{"line":95,"column":19},"end":{"line":95,"column":39}},{"start":{"line":95,"column":43},"end":{"line":95,"column":null}}]},"16":{"loc":{"start":{"line":96,"column":20},"end":{"line":96,"column":null}},"type":"binary-expr","locations":[{"start":{"line":96,"column":20},"end":{"line":96,"column":36}},{"start":{"line":96,"column":40},"end":{"line":96,"column":null}}]},"17":{"loc":{"start":{"line":100,"column":6},"end":{"line":102,"column":null}},"type":"if","locations":[{"start":{"line":100,"column":6},"end":{"line":102,"column":null}},{"start":{},"end":{}}]},"18":{"loc":{"start":{"line":112,"column":15},"end":{"line":112,"column":null}},"type":"binary-expr","locations":[{"start":{"line":112,"column":15},"end":{"line":112,"column":26}},{"start":{"line":112,"column":30},"end":{"line":112,"column":null}}]},"19":{"loc":{"start":{"line":120,"column":4},"end":{"line":123,"column":null}},"type":"if","locations":[{"start":{"line":120,"column":4},"end":{"line":123,"column":null}},{"start":{},"end":{}}]},"20":{"loc":{"start":{"line":133,"column":15},"end":{"line":133,"column":null}},"type":"binary-expr","locations":[{"start":{"line":133,"column":15},"end":{"line":133,"column":26}},{"start":{"line":133,"column":30},"end":{"line":133,"column":null}}]},"21":{"loc":{"start":{"line":141,"column":4},"end":{"line":144,"column":null}},"type":"if","locations":[{"start":{"line":141,"column":4},"end":{"line":144,"column":null}},{"start":{},"end":{}}]},"22":{"loc":{"start":{"line":141,"column":8},"end":{"line":141,"column":32}},"type":"binary-expr","locations":[{"start":{"line":141,"column":8},"end":{"line":141,"column":20}},{"start":{"line":141,"column":20},"end":{"line":141,"column":32}}]},"23":{"loc":{"start":{"line":166,"column":21},"end":{"line":166,"column":55}},"type":"binary-expr","locations":[{"start":{"line":166,"column":21},"end":{"line":166,"column":38}},{"start":{"line":166,"column":42},"end":{"line":166,"column":55}}]},"24":{"loc":{"start":{"line":167,"column":16},"end":{"line":167,"column":55}},"type":"binary-expr","locations":[{"start":{"line":167,"column":16},"end":{"line":167,"column":36}},{"start":{"line":167,"column":40},"end":{"line":167,"column":55}}]},"25":{"loc":{"start":{"line":168,"column":16},"end":{"line":168,"column":null}},"type":"binary-expr","locations":[{"start":{"line":168,"column":16},"end":{"line":168,"column":31}},{"start":{"line":168,"column":35},"end":{"line":168,"column":null}}]},"26":{"loc":{"start":{"line":169,"column":15},"end":{"line":169,"column":90}},"type":"binary-expr","locations":[{"start":{"line":169,"column":15},"end":{"line":169,"column":25}},{"start":{"line":169,"column":29},"end":{"line":169,"column":90}}]},"27":{"loc":{"start":{"line":169,"column":49},"end":{"line":169,"column":88}},"type":"binary-expr","locations":[{"start":{"line":169,"column":49},"end":{"line":169,"column":69}},{"start":{"line":169,"column":73},"end":{"line":169,"column":88}}]},"28":{"loc":{"start":{"line":170,"column":13},"end":{"line":170,"column":null}},"type":"binary-expr","locations":[{"start":{"line":170,"column":13},"end":{"line":170,"column":21}},{"start":{"line":170,"column":25},"end":{"line":170,"column":null}}]},"29":{"loc":{"start":{"line":172,"column":14},"end":{"line":172,"column":null}},"type":"binary-expr","locations":[{"start":{"line":172,"column":14},"end":{"line":172,"column":23}},{"start":{"line":172,"column":27},"end":{"line":172,"column":null}}]},"30":{"loc":{"start":{"line":173,"column":30},"end":{"line":173,"column":null}},"type":"binary-expr","locations":[{"start":{"line":173,"column":30},"end":{"line":173,"column":55}},{"start":{"line":173,"column":59},"end":{"line":173,"column":null}}]},"31":{"loc":{"start":{"line":174,"column":19},"end":{"line":174,"column":null}},"type":"binary-expr","locations":[{"start":{"line":174,"column":19},"end":{"line":174,"column":39}},{"start":{"line":174,"column":43},"end":{"line":174,"column":null}}]},"32":{"loc":{"start":{"line":175,"column":19},"end":{"line":175,"column":null}},"type":"binary-expr","locations":[{"start":{"line":175,"column":19},"end":{"line":175,"column":39}},{"start":{"line":175,"column":43},"end":{"line":175,"column":null}}]},"33":{"loc":{"start":{"line":176,"column":20},"end":{"line":176,"column":null}},"type":"binary-expr","locations":[{"start":{"line":176,"column":20},"end":{"line":176,"column":36}},{"start":{"line":176,"column":40},"end":{"line":176,"column":null}}]},"34":{"loc":{"start":{"line":180,"column":6},"end":{"line":182,"column":null}},"type":"if","locations":[{"start":{"line":180,"column":6},"end":{"line":182,"column":null}},{"start":{},"end":{}}]},"35":{"loc":{"start":{"line":187,"column":19},"end":{"line":187,"column":null}},"type":"cond-expr","locations":[{"start":{"line":187,"column":43},"end":{"line":187,"column":53}},{"start":{"line":187,"column":53},"end":{"line":187,"column":null}}]},"36":{"loc":{"start":{"line":191,"column":15},"end":{"line":191,"column":null}},"type":"binary-expr","locations":[{"start":{"line":191,"column":15},"end":{"line":191,"column":26}},{"start":{"line":191,"column":30},"end":{"line":191,"column":null}}]},"37":{"loc":{"start":{"line":200,"column":4},"end":{"line":200,"column":null}},"type":"if","locations":[{"start":{"line":200,"column":4},"end":{"line":200,"column":null}},{"start":{},"end":{}}]},"38":{"loc":{"start":{"line":204,"column":54},"end":{"line":204,"column":null}},"type":"binary-expr","locations":[{"start":{"line":204,"column":54},"end":{"line":204,"column":68}},{"start":{"line":204,"column":68},"end":{"line":204,"column":null}}]},"39":{"loc":{"start":{"line":226,"column":21},"end":{"line":226,"column":null}},"type":"cond-expr","locations":[{"start":{"line":226,"column":34},"end":{"line":226,"column":59}},{"start":{"line":226,"column":59},"end":{"line":226,"column":null}}]},"40":{"loc":{"start":{"line":229,"column":28},"end":{"line":229,"column":null}},"type":"cond-expr","locations":[{"start":{"line":229,"column":41},"end":{"line":229,"column":68}},{"start":{"line":229,"column":68},"end":{"line":229,"column":null}}]},"41":{"loc":{"start":{"line":230,"column":37},"end":{"line":230,"column":70}},"type":"cond-expr","locations":[{"start":{"line":230,"column":50},"end":{"line":230,"column":62}},{"start":{"line":230,"column":62},"end":{"line":230,"column":70}}]},"42":{"loc":{"start":{"line":231,"column":23},"end":{"line":231,"column":null}},"type":"cond-expr","locations":[{"start":{"line":231,"column":36},"end":{"line":231,"column":48}},{"start":{"line":231,"column":48},"end":{"line":231,"column":null}}]},"43":{"loc":{"start":{"line":237,"column":15},"end":{"line":237,"column":null}},"type":"cond-expr","locations":[{"start":{"line":237,"column":28},"end":{"line":237,"column":35}},{"start":{"line":237,"column":35},"end":{"line":237,"column":null}}]},"44":{"loc":{"start":{"line":245,"column":9},"end":{"line":245,"column":21}},"type":"binary-expr","locations":[{"start":{"line":245,"column":9},"end":{"line":245,"column":21}},{"start":{"line":245,"column":21},"end":{"line":245,"column":null}}]},"45":{"loc":{"start":{"line":262,"column":9},"end":{"line":262,"column":21}},"type":"binary-expr","locations":[{"start":{"line":262,"column":9},"end":{"line":262,"column":21}},{"start":{"line":262,"column":21},"end":{"line":262,"column":null}}]},"46":{"loc":{"start":{"line":279,"column":28},"end":{"line":279,"column":null}},"type":"cond-expr","locations":[{"start":{"line":279,"column":57},"end":{"line":279,"column":103}},{"start":{"line":279,"column":103},"end":{"line":279,"column":null}}]},"47":{"loc":{"start":{"line":280,"column":23},"end":{"line":280,"column":null}},"type":"cond-expr","locations":[{"start":{"line":280,"column":52},"end":{"line":280,"column":61}},{"start":{"line":280,"column":61},"end":{"line":280,"column":null}}]},"48":{"loc":{"start":{"line":294,"column":28},"end":{"line":294,"column":null}},"type":"cond-expr","locations":[{"start":{"line":294,"column":52},"end":{"line":294,"column":98}},{"start":{"line":294,"column":98},"end":{"line":294,"column":null}}]},"49":{"loc":{"start":{"line":295,"column":23},"end":{"line":295,"column":null}},"type":"cond-expr","locations":[{"start":{"line":295,"column":47},"end":{"line":295,"column":56}},{"start":{"line":295,"column":56},"end":{"line":295,"column":null}}]},"50":{"loc":{"start":{"line":303,"column":9},"end":{"line":303,"column":null}},"type":"binary-expr","locations":[{"start":{"line":303,"column":9},"end":{"line":303,"column":null}}]},"51":{"loc":{"start":{"line":317,"column":9},"end":{"line":317,"column":21}},"type":"binary-expr","locations":[{"start":{"line":317,"column":9},"end":{"line":317,"column":21}},{"start":{"line":317,"column":21},"end":{"line":317,"column":51}},{"start":{"line":317,"column":51},"end":{"line":317,"column":null}}]},"52":{"loc":{"start":{"line":350,"column":51},"end":{"line":350,"column":80}},"type":"cond-expr","locations":[{"start":{"line":350,"column":63},"end":{"line":350,"column":76}},{"start":{"line":350,"column":76},"end":{"line":350,"column":80}}]},"53":{"loc":{"start":{"line":353,"column":15},"end":{"line":353,"column":null}},"type":"cond-expr","locations":[{"start":{"line":353,"column":27},"end":{"line":353,"column":45}},{"start":{"line":353,"column":45},"end":{"line":353,"column":null}}]},"54":{"loc":{"start":{"line":376,"column":9},"end":{"line":376,"column":21}},"type":"binary-expr","locations":[{"start":{"line":376,"column":9},"end":{"line":376,"column":21}},{"start":{"line":376,"column":21},"end":{"line":376,"column":46}},{"start":{"line":376,"column":46},"end":{"line":376,"column":null}}]},"55":{"loc":{"start":{"line":391,"column":13},"end":{"line":391,"column":null}},"type":"binary-expr","locations":[{"start":{"line":391,"column":13},"end":{"line":391,"column":null}}]},"56":{"loc":{"start":{"line":417,"column":13},"end":{"line":417,"column":null}},"type":"binary-expr","locations":[{"start":{"line":417,"column":13},"end":{"line":417,"column":null}}]},"57":{"loc":{"start":{"line":437,"column":51},"end":{"line":437,"column":97}},"type":"cond-expr","locations":[{"start":{"line":437,"column":80},"end":{"line":437,"column":93}},{"start":{"line":437,"column":93},"end":{"line":437,"column":97}}]},"58":{"loc":{"start":{"line":437,"column":51},"end":{"line":437,"column":80}},"type":"binary-expr","locations":[{"start":{"line":437,"column":51},"end":{"line":437,"column":64}},{"start":{"line":437,"column":68},"end":{"line":437,"column":80}}]},"59":{"loc":{"start":{"line":439,"column":24},"end":{"line":439,"column":null}},"type":"binary-expr","locations":[{"start":{"line":439,"column":24},"end":{"line":439,"column":37}},{"start":{"line":439,"column":41},"end":{"line":439,"column":null}}]},"60":{"loc":{"start":{"line":441,"column":15},"end":{"line":441,"column":null}},"type":"cond-expr","locations":[{"start":{"line":441,"column":27},"end":{"line":441,"column":45}},{"start":{"line":441,"column":45},"end":{"line":441,"column":null}}]},"61":{"loc":{"start":{"line":447,"column":9},"end":{"line":447,"column":21}},"type":"binary-expr","locations":[{"start":{"line":447,"column":9},"end":{"line":447,"column":21}},{"start":{"line":447,"column":21},"end":{"line":447,"column":46}},{"start":{"line":447,"column":46},"end":{"line":447,"column":null}}]},"62":{"loc":{"start":{"line":494,"column":25},"end":{"line":494,"column":null}},"type":"cond-expr","locations":[{"start":{"line":494,"column":35},"end":{"line":494,"column":47}},{"start":{"line":494,"column":47},"end":{"line":494,"column":null}}]},"63":{"loc":{"start":{"line":496,"column":19},"end":{"line":496,"column":null}},"type":"cond-expr","locations":[{"start":{"line":496,"column":29},"end":{"line":496,"column":66}},{"start":{"line":496,"column":66},"end":{"line":496,"column":null}}]},"64":{"loc":{"start":{"line":502,"column":51},"end":{"line":502,"column":92}},"type":"cond-expr","locations":[{"start":{"line":502,"column":75},"end":{"line":502,"column":88}},{"start":{"line":502,"column":88},"end":{"line":502,"column":92}}]},"65":{"loc":{"start":{"line":502,"column":51},"end":{"line":502,"column":75}},"type":"binary-expr","locations":[{"start":{"line":502,"column":51},"end":{"line":502,"column":63}},{"start":{"line":502,"column":63},"end":{"line":502,"column":75}}]},"66":{"loc":{"start":{"line":504,"column":24},"end":{"line":504,"column":null}},"type":"binary-expr","locations":[{"start":{"line":504,"column":24},"end":{"line":504,"column":36}},{"start":{"line":504,"column":36},"end":{"line":504,"column":null}}]},"67":{"loc":{"start":{"line":506,"column":28},"end":{"line":506,"column":null}},"type":"cond-expr","locations":[{"start":{"line":506,"column":38},"end":{"line":506,"column":84}},{"start":{"line":506,"column":84},"end":{"line":506,"column":null}}]},"68":{"loc":{"start":{"line":509,"column":15},"end":{"line":509,"column":null}},"type":"cond-expr","locations":[{"start":{"line":509,"column":27},"end":{"line":509,"column":45}},{"start":{"line":509,"column":45},"end":{"line":509,"column":null}}]},"69":{"loc":{"start":{"line":523,"column":10},"end":{"line":523,"column":21}},"type":"binary-expr","locations":[{"start":{"line":523,"column":10},"end":{"line":523,"column":21}},{"start":{"line":523,"column":21},"end":{"line":523,"column":null}}]},"70":{"loc":{"start":{"line":539,"column":17},"end":{"line":539,"column":null}},"type":"cond-expr","locations":[{"start":{"line":539,"column":41},"end":{"line":539,"column":91}},{"start":{"line":539,"column":91},"end":{"line":539,"column":null}}]},"71":{"loc":{"start":{"line":547,"column":9},"end":{"line":547,"column":21}},"type":"binary-expr","locations":[{"start":{"line":547,"column":9},"end":{"line":547,"column":21}},{"start":{"line":547,"column":21},"end":{"line":547,"column":null}}]}},"s":{"0":7,"1":1,"2":1,"3":1,"4":1,"5":1,"6":21,"7":21,"8":21,"9":21,"10":7,"11":7,"12":21,"13":21,"14":21,"15":21,"16":21,"17":21,"18":21,"19":7,"20":7,"21":7,"22":7,"23":7,"24":0,"25":0,"26":0,"27":0,"28":7,"29":21,"30":5,"31":5,"32":5,"33":0,"34":21,"35":3,"36":3,"37":1,"38":1,"39":2,"40":2,"41":2,"42":2,"43":1,"44":1,"45":1,"46":1,"47":1,"48":1,"49":1,"50":1,"51":1,"52":1,"53":1,"54":1,"55":2,"56":21,"57":1,"58":0,"59":0,"60":1,"61":1,"62":1,"63":1,"64":1,"65":1,"66":0,"67":1,"68":21,"69":0,"70":0,"71":0,"72":0,"73":0,"74":0,"75":0,"76":0,"77":0,"78":0,"79":0,"80":0,"81":0,"82":0,"83":0,"84":0,"85":0,"86":0,"87":21,"88":0,"89":0,"90":0,"91":0,"92":0,"93":0,"94":0,"95":0,"96":0,"97":0,"98":0,"99":0,"100":0,"101":2,"102":0,"103":0,"104":0,"105":0,"106":0,"107":0},"f":{"0":21,"1":7,"2":7,"3":7,"4":0,"5":5,"6":3,"7":1,"8":1,"9":0,"10":0,"11":0,"12":0,"13":0,"14":0,"15":2,"16":0,"17":0,"18":0,"19":0},"b":{"0":[7,0],"1":[7,0],"2":[0,7],"3":[0,5],"4":[1,2],"5":[3,2],"6":[1,0],"7":[1,0],"8":[1,0],"9":[1,0],"10":[0,0],"11":[1,0],"12":[1,0],"13":[1,1],"14":[1,0],"15":[1,0],"16":[1,0],"17":[1,0],"18":[1,0],"19":[0,1],"20":[0,0],"21":[0,0],"22":[0,0],"23":[0,0],"24":[0,0],"25":[0,0],"26":[0,0],"27":[0,0],"28":[0,0],"29":[0,0],"30":[0,0],"31":[0,0],"32":[0,0],"33":[0,0],"34":[0,0],"35":[0,0],"36":[0,0],"37":[0,0],"38":[0,0],"39":[21,0],"40":[21,0],"41":[21,0],"42":[21,0],"43":[21,0],"44":[21,20],"45":[21,20],"46":[15,4],"47":[15,4],"48":[4,15],"49":[4,15],"50":[21],"51":[21,20,15],"52":[2,13],"53":[2,13],"54":[21,20,5],"55":[4],"56":[4],"57":[3,1],"58":[4,2],"59":[4,2],"60":[1,3],"61":[21,20,5],"62":[0,1],"63":[0,1],"64":[1,0],"65":[1,0],"66":[1,0],"67":[0,1],"68":[0,1],"69":[21,20],"70":[0,1],"71":[21,20]}}
,"C:\\Users\\subsa\\Desktop\\Splitter-frontend\\components\\ui\\theme-provider.tsx": {"path":"C:\\Users\\subsa\\Desktop\\Splitter-frontend\\components\\ui\\theme-provider.tsx","statementMap":{"0":{"start":{"line":25,"column":16},"end":{"line":25,"column":30}},"1":{"start":{"line":58,"column":13},"end":{"line":58,"column":24}},"2":{"start":{"line":3,"column":70},"end":{"line":3,"column":null}},"3":{"start":{"line":18,"column":41},"end":{"line":21,"column":null}},"4":{"start":{"line":20,"column":23},"end":{"line":20,"column":null}},"5":{"start":{"line":23,"column":29},"end":{"line":23,"column":null}},"6":{"start":{"line":31,"column":30},"end":{"line":31,"column":null}},"7":{"start":{"line":33,"column":4},"end":{"line":37,"column":null}},"8":{"start":{"line":34,"column":27},"end":{"line":34,"column":null}},"9":{"start":{"line":35,"column":8},"end":{"line":35,"column":null}},"10":{"start":{"line":36,"column":8},"end":{"line":36,"column":null}},"11":{"start":{"line":39,"column":24},"end":{"line":44,"column":null}},"12":{"start":{"line":40,"column":26},"end":{"line":40,"column":null}},"13":{"start":{"line":41,"column":8},"end":{"line":41,"column":null}},"14":{"start":{"line":42,"column":8},"end":{"line":42,"column":null}},"15":{"start":{"line":43,"column":8},"end":{"line":43,"column":null}},"16":{"start":{"line":46,"column":18},"end":{"line":49,"column":null}},"17":{"start":{"line":58,"column":24},"end":{"line":66,"column":null}},"18":{"start":{"line":59,"column":20},"end":{"line":59,"column":null}},"19":{"start":{"line":61,"column":4},"end":{"line":63,"column":null}},"20":{"start":{"line":62,"column":8},"end":{"line":62,"column":null}},"21":{"start":{"line":65,"column":4},"end":{"line":65,"column":null}}},"fnMap":{"0":{"name":"(anonymous_6)","decl":{"start":{"line":20,"column":17},"end":{"line":20,"column":23}},"loc":{"start":{"line":20,"column":23},"end":{"line":20,"column":null}}},"1":{"name":"ThemeProvider","decl":{"start":{"line":25,"column":16},"end":{"line":25,"column":30}},"loc":{"start":{"line":30,"column":21},"end":{"line":56,"column":null}}},"2":{"name":"(anonymous_8)","decl":{"start":{"line":33,"column":14},"end":{"line":33,"column":null}},"loc":{"start":{"line":33,"column":14},"end":{"line":37,"column":7}}},"3":{"name":"(anonymous_9)","decl":{"start":{"line":39,"column":24},"end":{"line":39,"column":null}},"loc":{"start":{"line":39,"column":24},"end":{"line":44,"column":null}}},"4":{"name":"(anonymous_10)","decl":{"start":{"line":58,"column":24},"end":{"line":58,"column":null}},"loc":{"start":{"line":58,"column":24},"end":{"line":66,"column":null}}}},"branchMap":{"0":{"loc":{"start":{"line":27,"column":4},"end":{"line":27,"column":25}},"type":"default-arg","locations":[{"start":{"line":27,"column":19},"end":{"line":27,"column":25}}]},"1":{"loc":{"start":{"line":28,"column":4},"end":{"line":28,"column":24}},"type":"default-arg","locations":[{"start":{"line":28,"column":17},"end":{"line":28,"column":24}}]},"2":{"loc":{"start":{"line":34,"column":27},"end":{"line":34,"column":null}},"type":"binary-expr","locations":[{"start":{"line":34,"column":27},"end":{"line":34,"column":74}},{"start":{"line":34,"column":74},"end":{"line":34,"column":null}}]},"3":{"loc":{"start":{"line":40,"column":26},"end":{"line":40,"column":null}},"type":"cond-expr","locations":[{"start":{"line":40,"column":45},"end":{"line":40,"column":55}},{"start":{"line":40,"column":55},"end":{"line":40,"column":null}}]},"4":{"loc":{"start":{"line":61,"column":4},"end":{"line":63,"column":null}},"type":"if","locations":[{"start":{"line":61,"column":4},"end":{"line":63,"column":null}},{"start":{},"end":{}}]}},"s":{"0":1,"1":1,"2":1,"3":1,"4":0,"5":1,"6":0,"7":0,"8":0,"9":0,"10":0,"11":0,"12":0,"13":0,"14":0,"15":0,"16":0,"17":1,"18":0,"19":0,"20":0,"21":0},"f":{"0":0,"1":0,"2":0,"3":0,"4":0},"b":{"0":[0],"1":[0],"2":[0,0],"3":[0,0],"4":[0,0]}}
,"C:\\Users\\subsa\\Desktop\\Splitter-frontend\\lib\\api.ts": {"path":"C:\\Users\\subsa\\Desktop\\Splitter-frontend\\lib\\api.ts","statementMap":{"0":{"start":{"line":692,"column":13},"end":{"line":692,"column":24}},"1":{"start":{"line":1084,"column":13},"end":{"line":1084,"column":19}},"2":{"start":{"line":138,"column":13},"end":{"line":138,"column":23}},"3":{"start":{"line":1099,"column":0},"end":{"line":1099,"column":15}},"4":{"start":{"line":947,"column":13},"end":{"line":947,"column":29}},"5":{"start":{"line":486,"column":13},"end":{"line":486,"column":25}},"6":{"start":{"line":54,"column":16},"end":{"line":54,"column":null}},"7":{"start":{"line":1008,"column":13},"end":{"line":1008,"column":26}},"8":{"start":{"line":593,"column":13},"end":{"line":593,"column":25}},"9":{"start":{"line":534,"column":13},"end":{"line":534,"column":30}},"10":{"start":{"line":612,"column":13},"end":{"line":612,"column":26}},"11":{"start":{"line":373,"column":13},"end":{"line":373,"column":23}},"12":{"start":{"line":63,"column":16},"end":{"line":63,"column":32}},"13":{"start":{"line":601,"column":13},"end":{"line":601,"column":25}},"14":{"start":{"line":43,"column":16},"end":{"line":43,"column":27}},"15":{"start":{"line":1035,"column":13},"end":{"line":1035,"column":24}},"16":{"start":{"line":302,"column":13},"end":{"line":302,"column":23}},"17":{"start":{"line":5,"column":46},"end":{"line":9,"column":null}},"18":{"start":{"line":12,"column":14},"end":{"line":12,"column":null}},"19":{"start":{"line":13,"column":2},"end":{"line":13,"column":null}},"20":{"start":{"line":13,"column":12},"end":{"line":13,"column":null}},"21":{"start":{"line":15,"column":19},"end":{"line":15,"column":null}},"22":{"start":{"line":17,"column":2},"end":{"line":19,"column":null}},"23":{"start":{"line":18,"column":4},"end":{"line":18,"column":null}},"24":{"start":{"line":20,"column":2},"end":{"line":22,"column":null}},"25":{"start":{"line":21,"column":4},"end":{"line":21,"column":null}},"26":{"start":{"line":24,"column":2},"end":{"line":24,"column":null}},"27":{"start":{"line":29,"column":2},"end":{"line":38,"column":null}},"28":{"start":{"line":30,"column":19},"end":{"line":30,"column":null}},"29":{"start":{"line":31,"column":4},"end":{"line":37,"column":null}},"30":{"start":{"line":32,"column":31},"end":{"line":32,"column":null}},"31":{"start":{"line":33,"column":6},"end":{"line":35,"column":null}},"32":{"start":{"line":34,"column":8},"end":{"line":34,"column":null}},"33":{"start":{"line":36,"column":6},"end":{"line":36,"column":null}},"34":{"start":{"line":39,"column":2},"end":{"line":39,"column":null}},"35":{"start":{"line":44,"column":22},"end":{"line":44,"column":107}},"36":{"start":{"line":45,"column":14},"end":{"line":45,"column":null}},"37":{"start":{"line":46,"column":2},"end":{"line":50,"column":null}},"38":{"start":{"line":47,"column":4},"end":{"line":47,"column":null}},"39":{"start":{"line":48,"column":4},"end":{"line":48,"column":null}},"40":{"start":{"line":49,"column":4},"end":{"line":49,"column":null}},"41":{"start":{"line":55,"column":2},"end":{"line":59,"column":null}},"42":{"start":{"line":56,"column":19},"end":{"line":56,"column":null}},"43":{"start":{"line":57,"column":16},"end":{"line":57,"column":null}},"44":{"start":{"line":58,"column":4},"end":{"line":58,"column":null}},"45":{"start":{"line":60,"column":2},"end":{"line":60,"column":null}},"46":{"start":{"line":64,"column":2},"end":{"line":64,"column":null}},"47":{"start":{"line":64,"column":45},"end":{"line":64,"column":null}},"48":{"start":{"line":65,"column":16},"end":{"line":65,"column":null}},"49":{"start":{"line":66,"column":2},"end":{"line":66,"column":null}},"50":{"start":{"line":66,"column":14},"end":{"line":66,"column":null}},"51":{"start":{"line":68,"column":2},"end":{"line":68,"column":null}},"52":{"start":{"line":68,"column":67},"end":{"line":68,"column":null}},"53":{"start":{"line":70,"column":22},"end":{"line":76,"column":null}},"54":{"start":{"line":71,"column":4},"end":{"line":75,"column":null}},"55":{"start":{"line":72,"column":6},"end":{"line":72,"column":null}},"56":{"start":{"line":74,"column":6},"end":{"line":74,"column":null}},"57":{"start":{"line":78,"column":2},"end":{"line":82,"column":null}},"58":{"start":{"line":79,"column":20},"end":{"line":79,"column":null}},"59":{"start":{"line":80,"column":19},"end":{"line":80,"column":null}},"60":{"start":{"line":81,"column":4},"end":{"line":81,"column":null}},"61":{"start":{"line":84,"column":2},"end":{"line":88,"column":null}},"62":{"start":{"line":85,"column":20},"end":{"line":85,"column":null}},"63":{"start":{"line":86,"column":19},"end":{"line":86,"column":null}},"64":{"start":{"line":87,"column":4},"end":{"line":87,"column":null}},"65":{"start":{"line":90,"column":2},"end":{"line":90,"column":null}},"66":{"start":{"line":95,"column":2},"end":{"line":95,"column":null}},"67":{"start":{"line":100,"column":23},"end":{"line":106,"column":null}},"68":{"start":{"line":101,"column":16},"end":{"line":101,"column":null}},"69":{"start":{"line":102,"column":2},"end":{"line":105,"column":null}},"70":{"start":{"line":110,"column":2},"end":{"line":133,"column":null}},"71":{"start":{"line":111,"column":22},"end":{"line":111,"column":null}},"72":{"start":{"line":112,"column":4},"end":{"line":117,"column":null}},"73":{"start":{"line":119,"column":18},"end":{"line":119,"column":43}},"74":{"start":{"line":120,"column":4},"end":{"line":131,"column":null}},"75":{"start":{"line":121,"column":20},"end":{"line":121,"column":null}},"76":{"start":{"line":122,"column":6},"end":{"line":126,"column":null}},"77":{"start":{"line":123,"column":8},"end":{"line":123,"column":null}},"78":{"start":{"line":124,"column":13},"end":{"line":126,"column":null}},"79":{"start":{"line":125,"column":8},"end":{"line":125,"column":null}},"80":{"start":{"line":128,"column":6},"end":{"line":130,"column":null}},"81":{"start":{"line":129,"column":8},"end":{"line":129,"column":null}},"82":{"start":{"line":132,"column":4},"end":{"line":132,"column":null}},"83":{"start":{"line":134,"column":2},"end":{"line":134,"column":null}},"84":{"start":{"line":138,"column":23},"end":{"line":299,"column":null}},"85":{"start":{"line":152,"column":4},"end":{"line":175,"column":null}},"86":{"start":{"line":153,"column":17},"end":{"line":153,"column":null}},"87":{"start":{"line":154,"column":6},"end":{"line":154,"column":null}},"88":{"start":{"line":155,"column":6},"end":{"line":155,"column":null}},"89":{"start":{"line":156,"column":6},"end":{"line":156,"column":null}},"90":{"start":{"line":157,"column":6},"end":{"line":157,"column":null}},"91":{"start":{"line":157,"column":43},"end":{"line":157,"column":null}},"92":{"start":{"line":158,"column":6},"end":{"line":158,"column":null}},"93":{"start":{"line":158,"column":34},"end":{"line":158,"column":null}},"94":{"start":{"line":159,"column":6},"end":{"line":159,"column":null}},"95":{"start":{"line":159,"column":46},"end":{"line":159,"column":null}},"96":{"start":{"line":160,"column":6},"end":{"line":160,"column":null}},"97":{"start":{"line":160,"column":34},"end":{"line":160,"column":null}},"98":{"start":{"line":161,"column":6},"end":{"line":161,"column":null}},"99":{"start":{"line":161,"column":41},"end":{"line":161,"column":null}},"100":{"start":{"line":162,"column":6},"end":{"line":162,"column":null}},"101":{"start":{"line":162,"column":52},"end":{"line":162,"column":null}},"102":{"start":{"line":163,"column":6},"end":{"line":163,"column":null}},"103":{"start":{"line":165,"column":6},"end":{"line":168,"column":null}},"104":{"start":{"line":170,"column":6},"end":{"line":174,"column":null}},"105":{"start":{"line":177,"column":19},"end":{"line":177,"column":null}},"106":{"start":{"line":178,"column":4},"end":{"line":183,"column":null}},"107":{"start":{"line":179,"column":6},"end":{"line":179,"column":null}},"108":{"start":{"line":180,"column":6},"end":{"line":182,"column":null}},"109":{"start":{"line":181,"column":8},"end":{"line":181,"column":null}},"110":{"start":{"line":184,"column":4},"end":{"line":184,"column":null}},"111":{"start":{"line":188,"column":21},"end":{"line":192,"column":null}},"112":{"start":{"line":193,"column":19},"end":{"line":193,"column":null}},"113":{"start":{"line":194,"column":4},"end":{"line":199,"column":null}},"114":{"start":{"line":195,"column":6},"end":{"line":195,"column":null}},"115":{"start":{"line":196,"column":6},"end":{"line":198,"column":null}},"116":{"start":{"line":197,"column":8},"end":{"line":197,"column":null}},"117":{"start":{"line":200,"column":4},"end":{"line":200,"column":null}},"118":{"start":{"line":204,"column":21},"end":{"line":208,"column":null}},"119":{"start":{"line":209,"column":4},"end":{"line":209,"column":null}},"120":{"start":{"line":213,"column":21},"end":{"line":217,"column":null}},"121":{"start":{"line":218,"column":19},"end":{"line":218,"column":null}},"122":{"start":{"line":219,"column":4},"end":{"line":221,"column":null}},"123":{"start":{"line":220,"column":6},"end":{"line":220,"column":null}},"124":{"start":{"line":222,"column":4},"end":{"line":222,"column":null}},"125":{"start":{"line":226,"column":21},"end":{"line":230,"column":null}},"126":{"start":{"line":231,"column":4},"end":{"line":231,"column":null}},"127":{"start":{"line":240,"column":21},"end":{"line":244,"column":null}},"128":{"start":{"line":245,"column":4},"end":{"line":245,"column":null}},"129":{"start":{"line":249,"column":21},"end":{"line":251,"column":null}},"130":{"start":{"line":252,"column":4},"end":{"line":252,"column":null}},"131":{"start":{"line":256,"column":21},"end":{"line":258,"column":null}},"132":{"start":{"line":259,"column":4},"end":{"line":259,"column":null}},"133":{"start":{"line":263,"column":21},"end":{"line":265,"column":null}},"134":{"start":{"line":266,"column":4},"end":{"line":266,"column":null}},"135":{"start":{"line":270,"column":21},"end":{"line":273,"column":null}},"136":{"start":{"line":274,"column":4},"end":{"line":274,"column":null}},"137":{"start":{"line":278,"column":4},"end":{"line":278,"column":null}},"138":{"start":{"line":278,"column":39},"end":{"line":278,"column":null}},"139":{"start":{"line":279,"column":4},"end":{"line":279,"column":null}},"140":{"start":{"line":283,"column":4},"end":{"line":283,"column":null}},"141":{"start":{"line":283,"column":39},"end":{"line":283,"column":null}},"142":{"start":{"line":284,"column":17},"end":{"line":284,"column":null}},"143":{"start":{"line":285,"column":4},"end":{"line":285,"column":null}},"144":{"start":{"line":289,"column":4},"end":{"line":297,"column":null}},"145":{"start":{"line":290,"column":6},"end":{"line":290,"column":null}},"146":{"start":{"line":291,"column":6},"end":{"line":291,"column":null}},"147":{"start":{"line":292,"column":6},"end":{"line":292,"column":null}},"148":{"start":{"line":293,"column":6},"end":{"line":293,"column":null}},"149":{"start":{"line":294,"column":6},"end":{"line":294,"column":null}},"150":{"start":{"line":295,"column":6},"end":{"line":295,"column":null}},"151":{"start":{"line":296,"column":6},"end":{"line":296,"column":null}},"152":{"start":{"line":302,"column":23},"end":{"line":370,"column":null}},"153":{"start":{"line":304,"column":21},"end":{"line":306,"column":null}},"154":{"start":{"line":307,"column":4},"end":{"line":307,"column":null}},"155":{"start":{"line":311,"column":21},"end":{"line":311,"column":null}},"156":{"start":{"line":312,"column":4},"end":{"line":312,"column":null}},"157":{"start":{"line":316,"column":21},"end":{"line":316,"column":null}},"158":{"start":{"line":317,"column":4},"end":{"line":317,"column":null}},"159":{"start":{"line":328,"column":21},"end":{"line":332,"column":null}},"160":{"start":{"line":333,"column":4},"end":{"line":333,"column":null}},"161":{"start":{"line":337,"column":15},"end":{"line":337,"column":null}},"162":{"start":{"line":338,"column":4},"end":{"line":338,"column":null}},"163":{"start":{"line":340,"column":18},"end":{"line":340,"column":null}},"164":{"start":{"line":341,"column":33},"end":{"line":341,"column":null}},"165":{"start":{"line":342,"column":4},"end":{"line":344,"column":null}},"166":{"start":{"line":343,"column":6},"end":{"line":343,"column":null}},"167":{"start":{"line":346,"column":21},"end":{"line":350,"column":null}},"168":{"start":{"line":351,"column":4},"end":{"line":351,"column":null}},"169":{"start":{"line":355,"column":21},"end":{"line":359,"column":null}},"170":{"start":{"line":360,"column":4},"end":{"line":360,"column":null}},"171":{"start":{"line":364,"column":21},"end":{"line":367,"column":null}},"172":{"start":{"line":368,"column":4},"end":{"line":368,"column":null}},"173":{"start":{"line":373,"column":23},"end":{"line":483,"column":null}},"174":{"start":{"line":375,"column":15},"end":{"line":375,"column":null}},"175":{"start":{"line":378,"column":4},"end":{"line":378,"column":null}},"176":{"start":{"line":380,"column":4},"end":{"line":380,"column":null}},"177":{"start":{"line":382,"column":4},"end":{"line":384,"column":null}},"178":{"start":{"line":383,"column":6},"end":{"line":383,"column":null}},"179":{"start":{"line":386,"column":4},"end":{"line":388,"column":null}},"180":{"start":{"line":387,"column":6},"end":{"line":387,"column":null}},"181":{"start":{"line":390,"column":18},"end":{"line":390,"column":null}},"182":{"start":{"line":391,"column":33},"end":{"line":391,"column":null}},"183":{"start":{"line":392,"column":4},"end":{"line":394,"column":null}},"184":{"start":{"line":393,"column":6},"end":{"line":393,"column":null}},"185":{"start":{"line":396,"column":4},"end":{"line":400,"column":null}},"186":{"start":{"line":400,"column":17},"end":{"line":400,"column":null}},"187":{"start":{"line":404,"column":21},"end":{"line":406,"column":null}},"188":{"start":{"line":407,"column":4},"end":{"line":407,"column":null}},"189":{"start":{"line":411,"column":21},"end":{"line":412,"column":null}},"190":{"start":{"line":414,"column":4},"end":{"line":414,"column":null}},"191":{"start":{"line":418,"column":21},"end":{"line":420,"column":null}},"192":{"start":{"line":422,"column":4},"end":{"line":422,"column":null}},"193":{"start":{"line":426,"column":21},"end":{"line":427,"column":null}},"194":{"start":{"line":429,"column":4},"end":{"line":429,"column":null}},"195":{"start":{"line":433,"column":21},"end":{"line":437,"column":null}},"196":{"start":{"line":438,"column":4},"end":{"line":438,"column":null}},"197":{"start":{"line":442,"column":21},"end":{"line":445,"column":null}},"198":{"start":{"line":446,"column":4},"end":{"line":446,"column":null}},"199":{"start":{"line":450,"column":21},"end":{"line":452,"column":null}},"200":{"start":{"line":453,"column":4},"end":{"line":453,"column":null}},"201":{"start":{"line":457,"column":21},"end":{"line":461,"column":null}},"202":{"start":{"line":462,"column":4},"end":{"line":462,"column":null}},"203":{"start":{"line":467,"column":21},"end":{"line":471,"column":null}},"204":{"start":{"line":472,"column":4},"end":{"line":472,"column":null}},"205":{"start":{"line":476,"column":21},"end":{"line":480,"column":null}},"206":{"start":{"line":481,"column":4},"end":{"line":481,"column":null}},"207":{"start":{"line":486,"column":25},"end":{"line":531,"column":null}},"208":{"start":{"line":488,"column":4},"end":{"line":488,"column":null}},"209":{"start":{"line":489,"column":4},"end":{"line":489,"column":null}},"210":{"start":{"line":490,"column":20},"end":{"line":490,"column":null}},"211":{"start":{"line":491,"column":4},"end":{"line":491,"column":null}},"212":{"start":{"line":493,"column":21},"end":{"line":496,"column":null}},"213":{"start":{"line":498,"column":4},"end":{"line":498,"column":null}},"214":{"start":{"line":499,"column":19},"end":{"line":499,"column":null}},"215":{"start":{"line":500,"column":4},"end":{"line":500,"column":null}},"216":{"start":{"line":501,"column":4},"end":{"line":501,"column":null}},"217":{"start":{"line":505,"column":4},"end":{"line":505,"column":null}},"218":{"start":{"line":506,"column":21},"end":{"line":509,"column":null}},"219":{"start":{"line":510,"column":4},"end":{"line":510,"column":null}},"220":{"start":{"line":514,"column":21},"end":{"line":515,"column":null}},"221":{"start":{"line":517,"column":4},"end":{"line":517,"column":null}},"222":{"start":{"line":521,"column":21},"end":{"line":522,"column":null}},"223":{"start":{"line":524,"column":4},"end":{"line":524,"column":null}},"224":{"start":{"line":528,"column":21},"end":{"line":528,"column":null}},"225":{"start":{"line":529,"column":4},"end":{"line":529,"column":null}},"226":{"start":{"line":534,"column":30},"end":{"line":590,"column":null}},"227":{"start":{"line":536,"column":21},"end":{"line":539,"column":null}},"228":{"start":{"line":540,"column":4},"end":{"line":540,"column":null}},"229":{"start":{"line":544,"column":21},"end":{"line":547,"column":null}},"230":{"start":{"line":548,"column":4},"end":{"line":548,"column":null}},"231":{"start":{"line":552,"column":21},"end":{"line":555,"column":null}},"232":{"start":{"line":556,"column":4},"end":{"line":556,"column":null}},"233":{"start":{"line":560,"column":21},"end":{"line":563,"column":null}},"234":{"start":{"line":564,"column":4},"end":{"line":564,"column":null}},"235":{"start":{"line":568,"column":21},"end":{"line":571,"column":null}},"236":{"start":{"line":572,"column":4},"end":{"line":572,"column":null}},"237":{"start":{"line":576,"column":21},"end":{"line":579,"column":null}},"238":{"start":{"line":580,"column":4},"end":{"line":580,"column":null}},"239":{"start":{"line":584,"column":21},"end":{"line":586,"column":null}},"240":{"start":{"line":587,"column":4},"end":{"line":587,"column":null}},"241":{"start":{"line":593,"column":25},"end":{"line":598,"column":null}},"242":{"start":{"line":595,"column":21},"end":{"line":595,"column":null}},"243":{"start":{"line":596,"column":4},"end":{"line":596,"column":null}},"244":{"start":{"line":601,"column":25},"end":{"line":609,"column":null}},"245":{"start":{"line":603,"column":21},"end":{"line":605,"column":null}},"246":{"start":{"line":607,"column":4},"end":{"line":607,"column":null}},"247":{"start":{"line":612,"column":26},"end":{"line":689,"column":null}},"248":{"start":{"line":614,"column":21},"end":{"line":616,"column":null}},"249":{"start":{"line":617,"column":4},"end":{"line":617,"column":null}},"250":{"start":{"line":621,"column":21},"end":{"line":623,"column":null}},"251":{"start":{"line":625,"column":4},"end":{"line":625,"column":null}},"252":{"start":{"line":629,"column":21},"end":{"line":633,"column":null}},"253":{"start":{"line":634,"column":4},"end":{"line":634,"column":null}},"254":{"start":{"line":644,"column":21},"end":{"line":648,"column":null}},"255":{"start":{"line":649,"column":4},"end":{"line":654,"column":null}},"256":{"start":{"line":658,"column":21},"end":{"line":661,"column":null}},"257":{"start":{"line":662,"column":4},"end":{"line":662,"column":null}},"258":{"start":{"line":666,"column":21},"end":{"line":670,"column":null}},"259":{"start":{"line":671,"column":4},"end":{"line":671,"column":null}},"260":{"start":{"line":675,"column":21},"end":{"line":678,"column":null}},"261":{"start":{"line":679,"column":4},"end":{"line":679,"column":null}},"262":{"start":{"line":683,"column":21},"end":{"line":686,"column":null}},"263":{"start":{"line":687,"column":4},"end":{"line":687,"column":null}},"264":{"start":{"line":692,"column":24},"end":{"line":944,"column":null}},"265":{"start":{"line":694,"column":21},"end":{"line":696,"column":null}},"266":{"start":{"line":698,"column":4},"end":{"line":698,"column":null}},"267":{"start":{"line":702,"column":21},"end":{"line":704,"column":null}},"268":{"start":{"line":705,"column":4},"end":{"line":705,"column":null}},"269":{"start":{"line":709,"column":21},"end":{"line":712,"column":null}},"270":{"start":{"line":713,"column":4},"end":{"line":713,"column":null}},"271":{"start":{"line":717,"column":21},"end":{"line":720,"column":null}},"272":{"start":{"line":721,"column":4},"end":{"line":721,"column":null}},"273":{"start":{"line":725,"column":21},"end":{"line":729,"column":null}},"274":{"start":{"line":730,"column":4},"end":{"line":730,"column":null}},"275":{"start":{"line":734,"column":21},"end":{"line":737,"column":null}},"276":{"start":{"line":738,"column":4},"end":{"line":738,"column":null}},"277":{"start":{"line":742,"column":21},"end":{"line":745,"column":null}},"278":{"start":{"line":746,"column":4},"end":{"line":746,"column":null}},"279":{"start":{"line":750,"column":21},"end":{"line":752,"column":null}},"280":{"start":{"line":754,"column":4},"end":{"line":754,"column":null}},"281":{"start":{"line":758,"column":21},"end":{"line":761,"column":null}},"282":{"start":{"line":762,"column":4},"end":{"line":762,"column":null}},"283":{"start":{"line":767,"column":21},"end":{"line":769,"column":null}},"284":{"start":{"line":770,"column":4},"end":{"line":770,"column":null}},"285":{"start":{"line":774,"column":21},"end":{"line":777,"column":null}},"286":{"start":{"line":778,"column":4},"end":{"line":778,"column":null}},"287":{"start":{"line":782,"column":21},"end":{"line":785,"column":null}},"288":{"start":{"line":786,"column":4},"end":{"line":786,"column":null}},"289":{"start":{"line":790,"column":21},"end":{"line":794,"column":null}},"290":{"start":{"line":795,"column":4},"end":{"line":795,"column":null}},"291":{"start":{"line":799,"column":21},"end":{"line":803,"column":null}},"292":{"start":{"line":804,"column":4},"end":{"line":804,"column":null}},"293":{"start":{"line":808,"column":21},"end":{"line":812,"column":null}},"294":{"start":{"line":813,"column":4},"end":{"line":813,"column":null}},"295":{"start":{"line":817,"column":21},"end":{"line":819,"column":null}},"296":{"start":{"line":820,"column":4},"end":{"line":820,"column":null}},"297":{"start":{"line":824,"column":21},"end":{"line":827,"column":null}},"298":{"start":{"line":828,"column":4},"end":{"line":828,"column":null}},"299":{"start":{"line":833,"column":21},"end":{"line":835,"column":null}},"300":{"start":{"line":838,"column":4},"end":{"line":843,"column":null}},"301":{"start":{"line":839,"column":6},"end":{"line":839,"column":null}},"302":{"start":{"line":841,"column":6},"end":{"line":841,"column":null}},"303":{"start":{"line":842,"column":6},"end":{"line":842,"column":null}},"304":{"start":{"line":848,"column":21},"end":{"line":852,"column":null}},"305":{"start":{"line":853,"column":4},"end":{"line":853,"column":null}},"306":{"start":{"line":857,"column":21},"end":{"line":859,"column":null}},"307":{"start":{"line":860,"column":4},"end":{"line":891,"column":null}},"308":{"start":{"line":895,"column":19},"end":{"line":895,"column":null}},"309":{"start":{"line":896,"column":21},"end":{"line":898,"column":null}},"310":{"start":{"line":899,"column":4},"end":{"line":910,"column":null}},"311":{"start":{"line":914,"column":21},"end":{"line":916,"column":null}},"312":{"start":{"line":917,"column":4},"end":{"line":917,"column":null}},"313":{"start":{"line":921,"column":21},"end":{"line":923,"column":null}},"314":{"start":{"line":924,"column":4},"end":{"line":924,"column":null}},"315":{"start":{"line":928,"column":21},"end":{"line":932,"column":null}},"316":{"start":{"line":933,"column":4},"end":{"line":933,"column":null}},"317":{"start":{"line":937,"column":21},"end":{"line":941,"column":null}},"318":{"start":{"line":942,"column":4},"end":{"line":942,"column":null}},"319":{"start":{"line":947,"column":29},"end":{"line":1005,"column":null}},"320":{"start":{"line":950,"column":21},"end":{"line":951,"column":null}},"321":{"start":{"line":953,"column":4},"end":{"line":953,"column":null}},"322":{"start":{"line":958,"column":21},"end":{"line":959,"column":null}},"323":{"start":{"line":961,"column":4},"end":{"line":961,"column":null}},"324":{"start":{"line":966,"column":21},"end":{"line":967,"column":null}},"325":{"start":{"line":969,"column":4},"end":{"line":969,"column":null}},"326":{"start":{"line":974,"column":21},"end":{"line":978,"column":null}},"327":{"start":{"line":979,"column":4},"end":{"line":979,"column":null}},"328":{"start":{"line":984,"column":21},"end":{"line":985,"column":null}},"329":{"start":{"line":987,"column":4},"end":{"line":987,"column":null}},"330":{"start":{"line":992,"column":21},"end":{"line":993,"column":null}},"331":{"start":{"line":995,"column":4},"end":{"line":995,"column":null}},"332":{"start":{"line":1000,"column":21},"end":{"line":1001,"column":null}},"333":{"start":{"line":1003,"column":4},"end":{"line":1003,"column":null}},"334":{"start":{"line":1008,"column":26},"end":{"line":1032,"column":null}},"335":{"start":{"line":1010,"column":21},"end":{"line":1012,"column":null}},"336":{"start":{"line":1014,"column":4},"end":{"line":1014,"column":null}},"337":{"start":{"line":1018,"column":21},"end":{"line":1020,"column":null}},"338":{"start":{"line":1022,"column":4},"end":{"line":1022,"column":null}},"339":{"start":{"line":1026,"column":21},"end":{"line":1028,"column":null}},"340":{"start":{"line":1030,"column":4},"end":{"line":1030,"column":null}},"341":{"start":{"line":1035,"column":24},"end":{"line":1082,"column":null}},"342":{"start":{"line":1038,"column":21},"end":{"line":1040,"column":null}},"343":{"start":{"line":1041,"column":4},"end":{"line":1041,"column":null}},"344":{"start":{"line":1045,"column":15},"end":{"line":1045,"column":null}},"345":{"start":{"line":1046,"column":4},"end":{"line":1046,"column":null}},"346":{"start":{"line":1048,"column":18},"end":{"line":1048,"column":null}},"347":{"start":{"line":1049,"column":33},"end":{"line":1049,"column":null}},"348":{"start":{"line":1050,"column":4},"end":{"line":1052,"column":null}},"349":{"start":{"line":1051,"column":6},"end":{"line":1051,"column":null}},"350":{"start":{"line":1054,"column":21},"end":{"line":1058,"column":null}},"351":{"start":{"line":1060,"column":4},"end":{"line":1060,"column":null}},"352":{"start":{"line":1064,"column":21},"end":{"line":1067,"column":null}},"353":{"start":{"line":1068,"column":4},"end":{"line":1068,"column":null}},"354":{"start":{"line":1072,"column":21},"end":{"line":1075,"column":null}},"355":{"start":{"line":1076,"column":4},"end":{"line":1076,"column":null}},"356":{"start":{"line":1080,"column":4},"end":{"line":1080,"column":null}},"357":{"start":{"line":1084,"column":19},"end":{"line":1097,"column":null}},"358":{"start":{"line":1099,"column":15},"end":{"line":1099,"column":null}}},"fnMap":{"0":{"name":"normalizeApiBaseUrl","decl":{"start":{"line":11,"column":9},"end":{"line":11,"column":29}},"loc":{"start":{"line":11,"column":40},"end":{"line":25,"column":null}}},"1":{"name":"getApiBase","decl":{"start":{"line":28,"column":9},"end":{"line":28,"column":null}},"loc":{"start":{"line":28,"column":9},"end":{"line":40,"column":null}}},"2":{"name":"setApiBase","decl":{"start":{"line":43,"column":16},"end":{"line":43,"column":27}},"loc":{"start":{"line":43,"column":47},"end":{"line":51,"column":null}}},"3":{"name":"getCurrentInstance","decl":{"start":{"line":54,"column":16},"end":{"line":54,"column":null}},"loc":{"start":{"line":54,"column":16},"end":{"line":61,"column":null}}},"4":{"name":"resolveMediaUrl","decl":{"start":{"line":63,"column":16},"end":{"line":63,"column":32}},"loc":{"start":{"line":63,"column":47},"end":{"line":91,"column":null}}},"5":{"name":"(anonymous_23)","decl":{"start":{"line":70,"column":22},"end":{"line":70,"column":23}},"loc":{"start":{"line":70,"column":23},"end":{"line":76,"column":null}}},"6":{"name":"apiBase","decl":{"start":{"line":94,"column":9},"end":{"line":94,"column":null}},"loc":{"start":{"line":94,"column":9},"end":{"line":96,"column":null}}},"7":{"name":"(anonymous_25)","decl":{"start":{"line":100,"column":23},"end":{"line":100,"column":null}},"loc":{"start":{"line":100,"column":23},"end":{"line":106,"column":null}}},"8":{"name":"handleResponse","decl":{"start":{"line":109,"column":15},"end":{"line":109,"column":33}},"loc":{"start":{"line":109,"column":51},"end":{"line":135,"column":null}}},"9":{"name":"(anonymous_27)","decl":{"start":{"line":139,"column":2},"end":{"line":139,"column":8}},"loc":{"start":{"line":149,"column":22},"end":{"line":185,"column":null}}},"10":{"name":"(anonymous_28)","decl":{"start":{"line":187,"column":2},"end":{"line":187,"column":8}},"loc":{"start":{"line":187,"column":58},"end":{"line":201,"column":null}}},"11":{"name":"(anonymous_29)","decl":{"start":{"line":203,"column":2},"end":{"line":203,"column":8}},"loc":{"start":{"line":203,"column":32},"end":{"line":210,"column":null}}},"12":{"name":"(anonymous_30)","decl":{"start":{"line":212,"column":2},"end":{"line":212,"column":8}},"loc":{"start":{"line":212,"column":83},"end":{"line":223,"column":null}}},"13":{"name":"(anonymous_31)","decl":{"start":{"line":225,"column":2},"end":{"line":225,"column":8}},"loc":{"start":{"line":225,"column":37},"end":{"line":232,"column":null}}},"14":{"name":"(anonymous_32)","decl":{"start":{"line":234,"column":2},"end":{"line":234,"column":8}},"loc":{"start":{"line":239,"column":3},"end":{"line":246,"column":null}}},"15":{"name":"(anonymous_33)","decl":{"start":{"line":248,"column":2},"end":{"line":248,"column":8}},"loc":{"start":{"line":248,"column":8},"end":{"line":253,"column":null}}},"16":{"name":"(anonymous_34)","decl":{"start":{"line":255,"column":2},"end":{"line":255,"column":8}},"loc":{"start":{"line":255,"column":8},"end":{"line":260,"column":null}}},"17":{"name":"(anonymous_35)","decl":{"start":{"line":262,"column":2},"end":{"line":262,"column":8}},"loc":{"start":{"line":262,"column":44},"end":{"line":267,"column":null}}},"18":{"name":"(anonymous_36)","decl":{"start":{"line":269,"column":2},"end":{"line":269,"column":8}},"loc":{"start":{"line":269,"column":8},"end":{"line":275,"column":null}}},"19":{"name":"(anonymous_37)","decl":{"start":{"line":277,"column":2},"end":{"line":277,"column":null}},"loc":{"start":{"line":277,"column":2},"end":{"line":280,"column":null}}},"20":{"name":"(anonymous_38)","decl":{"start":{"line":282,"column":2},"end":{"line":282,"column":null}},"loc":{"start":{"line":282,"column":2},"end":{"line":286,"column":null}}},"21":{"name":"(anonymous_39)","decl":{"start":{"line":288,"column":2},"end":{"line":288,"column":null}},"loc":{"start":{"line":288,"column":2},"end":{"line":298,"column":null}}},"22":{"name":"(anonymous_40)","decl":{"start":{"line":303,"column":2},"end":{"line":303,"column":8}},"loc":{"start":{"line":303,"column":8},"end":{"line":308,"column":null}}},"23":{"name":"(anonymous_41)","decl":{"start":{"line":310,"column":2},"end":{"line":310,"column":8}},"loc":{"start":{"line":310,"column":33},"end":{"line":313,"column":null}}},"24":{"name":"(anonymous_42)","decl":{"start":{"line":315,"column":2},"end":{"line":315,"column":8}},"loc":{"start":{"line":315,"column":32},"end":{"line":318,"column":null}}},"25":{"name":"(anonymous_43)","decl":{"start":{"line":320,"column":2},"end":{"line":320,"column":8}},"loc":{"start":{"line":327,"column":3},"end":{"line":334,"column":null}}},"26":{"name":"(anonymous_44)","decl":{"start":{"line":336,"column":2},"end":{"line":336,"column":8}},"loc":{"start":{"line":336,"column":31},"end":{"line":352,"column":null}}},"27":{"name":"(anonymous_45)","decl":{"start":{"line":354,"column":2},"end":{"line":354,"column":8}},"loc":{"start":{"line":354,"column":55},"end":{"line":361,"column":null}}},"28":{"name":"(anonymous_46)","decl":{"start":{"line":363,"column":2},"end":{"line":363,"column":8}},"loc":{"start":{"line":363,"column":8},"end":{"line":369,"column":null}}},"29":{"name":"(anonymous_47)","decl":{"start":{"line":374,"column":2},"end":{"line":374,"column":8}},"loc":{"start":{"line":374,"column":112},"end":{"line":401,"column":null}}},"30":{"name":"(anonymous_48)","decl":{"start":{"line":400,"column":12},"end":{"line":400,"column":17}},"loc":{"start":{"line":400,"column":17},"end":{"line":400,"column":null}}},"31":{"name":"(anonymous_49)","decl":{"start":{"line":403,"column":2},"end":{"line":403,"column":8}},"loc":{"start":{"line":403,"column":26},"end":{"line":408,"column":null}}},"32":{"name":"(anonymous_50)","decl":{"start":{"line":410,"column":2},"end":{"line":410,"column":8}},"loc":{"start":{"line":410,"column":59},"end":{"line":415,"column":null}}},"33":{"name":"(anonymous_51)","decl":{"start":{"line":417,"column":2},"end":{"line":417,"column":8}},"loc":{"start":{"line":417,"column":38},"end":{"line":423,"column":null}}},"34":{"name":"(anonymous_52)","decl":{"start":{"line":425,"column":2},"end":{"line":425,"column":8}},"loc":{"start":{"line":425,"column":63},"end":{"line":430,"column":null}}},"35":{"name":"(anonymous_53)","decl":{"start":{"line":432,"column":2},"end":{"line":432,"column":8}},"loc":{"start":{"line":432,"column":65},"end":{"line":439,"column":null}}},"36":{"name":"(anonymous_54)","decl":{"start":{"line":441,"column":2},"end":{"line":441,"column":8}},"loc":{"start":{"line":441,"column":29},"end":{"line":447,"column":null}}},"37":{"name":"(anonymous_55)","decl":{"start":{"line":449,"column":2},"end":{"line":449,"column":8}},"loc":{"start":{"line":449,"column":33},"end":{"line":454,"column":null}}},"38":{"name":"(anonymous_56)","decl":{"start":{"line":456,"column":2},"end":{"line":456,"column":8}},"loc":{"start":{"line":456,"column":70},"end":{"line":463,"column":null}}},"39":{"name":"(anonymous_57)","decl":{"start":{"line":465,"column":2},"end":{"line":465,"column":8}},"loc":{"start":{"line":465,"column":49},"end":{"line":473,"column":null}}},"40":{"name":"(anonymous_58)","decl":{"start":{"line":475,"column":2},"end":{"line":475,"column":8}},"loc":{"start":{"line":475,"column":51},"end":{"line":482,"column":null}}},"41":{"name":"(anonymous_59)","decl":{"start":{"line":487,"column":2},"end":{"line":487,"column":8}},"loc":{"start":{"line":487,"column":33},"end":{"line":502,"column":null}}},"42":{"name":"(anonymous_60)","decl":{"start":{"line":504,"column":2},"end":{"line":504,"column":8}},"loc":{"start":{"line":504,"column":35},"end":{"line":511,"column":null}}},"43":{"name":"(anonymous_61)","decl":{"start":{"line":513,"column":2},"end":{"line":513,"column":8}},"loc":{"start":{"line":513,"column":59},"end":{"line":518,"column":null}}},"44":{"name":"(anonymous_62)","decl":{"start":{"line":520,"column":2},"end":{"line":520,"column":8}},"loc":{"start":{"line":520,"column":59},"end":{"line":525,"column":null}}},"45":{"name":"(anonymous_63)","decl":{"start":{"line":527,"column":2},"end":{"line":527,"column":8}},"loc":{"start":{"line":527,"column":37},"end":{"line":530,"column":null}}},"46":{"name":"(anonymous_64)","decl":{"start":{"line":535,"column":2},"end":{"line":535,"column":8}},"loc":{"start":{"line":535,"column":31},"end":{"line":541,"column":null}}},"47":{"name":"(anonymous_65)","decl":{"start":{"line":543,"column":2},"end":{"line":543,"column":8}},"loc":{"start":{"line":543,"column":33},"end":{"line":549,"column":null}}},"48":{"name":"(anonymous_66)","decl":{"start":{"line":551,"column":2},"end":{"line":551,"column":8}},"loc":{"start":{"line":551,"column":33},"end":{"line":557,"column":null}}},"49":{"name":"(anonymous_67)","decl":{"start":{"line":559,"column":2},"end":{"line":559,"column":8}},"loc":{"start":{"line":559,"column":35},"end":{"line":565,"column":null}}},"50":{"name":"(anonymous_68)","decl":{"start":{"line":567,"column":2},"end":{"line":567,"column":8}},"loc":{"start":{"line":567,"column":35},"end":{"line":573,"column":null}}},"51":{"name":"(anonymous_69)","decl":{"start":{"line":575,"column":2},"end":{"line":575,"column":8}},"loc":{"start":{"line":575,"column":37},"end":{"line":581,"column":null}}},"52":{"name":"(anonymous_70)","decl":{"start":{"line":583,"column":2},"end":{"line":583,"column":8}},"loc":{"start":{"line":583,"column":8},"end":{"line":588,"column":null}}},"53":{"name":"(anonymous_71)","decl":{"start":{"line":594,"column":2},"end":{"line":594,"column":8}},"loc":{"start":{"line":594,"column":8},"end":{"line":597,"column":null}}},"54":{"name":"(anonymous_72)","decl":{"start":{"line":602,"column":2},"end":{"line":602,"column":8}},"loc":{"start":{"line":602,"column":57},"end":{"line":608,"column":null}}},"55":{"name":"(anonymous_73)","decl":{"start":{"line":613,"column":2},"end":{"line":613,"column":8}},"loc":{"start":{"line":613,"column":8},"end":{"line":618,"column":null}}},"56":{"name":"(anonymous_74)","decl":{"start":{"line":620,"column":2},"end":{"line":620,"column":8}},"loc":{"start":{"line":620,"column":60},"end":{"line":626,"column":null}}},"57":{"name":"(anonymous_75)","decl":{"start":{"line":628,"column":2},"end":{"line":628,"column":8}},"loc":{"start":{"line":628,"column":77},"end":{"line":635,"column":null}}},"58":{"name":"(anonymous_76)","decl":{"start":{"line":637,"column":2},"end":{"line":637,"column":8}},"loc":{"start":{"line":643,"column":4},"end":{"line":655,"column":null}}},"59":{"name":"(anonymous_77)","decl":{"start":{"line":657,"column":2},"end":{"line":657,"column":8}},"loc":{"start":{"line":657,"column":39},"end":{"line":663,"column":null}}},"60":{"name":"(anonymous_78)","decl":{"start":{"line":665,"column":2},"end":{"line":665,"column":8}},"loc":{"start":{"line":665,"column":75},"end":{"line":672,"column":null}}},"61":{"name":"(anonymous_79)","decl":{"start":{"line":674,"column":2},"end":{"line":674,"column":8}},"loc":{"start":{"line":674,"column":40},"end":{"line":680,"column":null}}},"62":{"name":"(anonymous_80)","decl":{"start":{"line":682,"column":2},"end":{"line":682,"column":8}},"loc":{"start":{"line":682,"column":35},"end":{"line":688,"column":null}}},"63":{"name":"(anonymous_81)","decl":{"start":{"line":693,"column":2},"end":{"line":693,"column":8}},"loc":{"start":{"line":693,"column":42},"end":{"line":699,"column":null}}},"64":{"name":"(anonymous_82)","decl":{"start":{"line":701,"column":2},"end":{"line":701,"column":8}},"loc":{"start":{"line":701,"column":8},"end":{"line":706,"column":null}}},"65":{"name":"(anonymous_83)","decl":{"start":{"line":708,"column":2},"end":{"line":708,"column":8}},"loc":{"start":{"line":708,"column":47},"end":{"line":714,"column":null}}},"66":{"name":"(anonymous_84)","decl":{"start":{"line":716,"column":2},"end":{"line":716,"column":8}},"loc":{"start":{"line":716,"column":46},"end":{"line":722,"column":null}}},"67":{"name":"(anonymous_85)","decl":{"start":{"line":724,"column":2},"end":{"line":724,"column":8}},"loc":{"start":{"line":724,"column":51},"end":{"line":731,"column":null}}},"68":{"name":"(anonymous_86)","decl":{"start":{"line":733,"column":2},"end":{"line":733,"column":8}},"loc":{"start":{"line":733,"column":34},"end":{"line":739,"column":null}}},"69":{"name":"(anonymous_87)","decl":{"start":{"line":741,"column":2},"end":{"line":741,"column":8}},"loc":{"start":{"line":741,"column":36},"end":{"line":747,"column":null}}},"70":{"name":"(anonymous_88)","decl":{"start":{"line":749,"column":2},"end":{"line":749,"column":8}},"loc":{"start":{"line":749,"column":48},"end":{"line":755,"column":null}}},"71":{"name":"(anonymous_89)","decl":{"start":{"line":757,"column":2},"end":{"line":757,"column":8}},"loc":{"start":{"line":757,"column":8},"end":{"line":763,"column":null}}},"72":{"name":"(anonymous_90)","decl":{"start":{"line":766,"column":2},"end":{"line":766,"column":8}},"loc":{"start":{"line":766,"column":8},"end":{"line":771,"column":null}}},"73":{"name":"(anonymous_91)","decl":{"start":{"line":773,"column":2},"end":{"line":773,"column":8}},"loc":{"start":{"line":773,"column":39},"end":{"line":779,"column":null}}},"74":{"name":"(anonymous_92)","decl":{"start":{"line":781,"column":2},"end":{"line":781,"column":8}},"loc":{"start":{"line":781,"column":38},"end":{"line":787,"column":null}}},"75":{"name":"(anonymous_93)","decl":{"start":{"line":789,"column":2},"end":{"line":789,"column":8}},"loc":{"start":{"line":789,"column":47},"end":{"line":796,"column":null}}},"76":{"name":"(anonymous_94)","decl":{"start":{"line":798,"column":2},"end":{"line":798,"column":8}},"loc":{"start":{"line":798,"column":34},"end":{"line":805,"column":null}}},"77":{"name":"(anonymous_95)","decl":{"start":{"line":807,"column":2},"end":{"line":807,"column":8}},"loc":{"start":{"line":807,"column":60},"end":{"line":814,"column":null}}},"78":{"name":"(anonymous_96)","decl":{"start":{"line":816,"column":2},"end":{"line":816,"column":8}},"loc":{"start":{"line":816,"column":8},"end":{"line":821,"column":null}}},"79":{"name":"(anonymous_97)","decl":{"start":{"line":823,"column":2},"end":{"line":823,"column":8}},"loc":{"start":{"line":823,"column":36},"end":{"line":829,"column":null}}},"80":{"name":"(anonymous_98)","decl":{"start":{"line":832,"column":2},"end":{"line":832,"column":8}},"loc":{"start":{"line":832,"column":46},"end":{"line":844,"column":null}}},"81":{"name":"(anonymous_99)","decl":{"start":{"line":847,"column":2},"end":{"line":847,"column":8}},"loc":{"start":{"line":847,"column":60},"end":{"line":854,"column":null}}},"82":{"name":"(anonymous_100)","decl":{"start":{"line":856,"column":2},"end":{"line":856,"column":8}},"loc":{"start":{"line":856,"column":8},"end":{"line":892,"column":null}}},"83":{"name":"(anonymous_101)","decl":{"start":{"line":894,"column":2},"end":{"line":894,"column":8}},"loc":{"start":{"line":894,"column":48},"end":{"line":911,"column":null}}},"84":{"name":"(anonymous_102)","decl":{"start":{"line":913,"column":2},"end":{"line":913,"column":8}},"loc":{"start":{"line":913,"column":8},"end":{"line":918,"column":null}}},"85":{"name":"(anonymous_103)","decl":{"start":{"line":920,"column":2},"end":{"line":920,"column":8}},"loc":{"start":{"line":920,"column":8},"end":{"line":925,"column":null}}},"86":{"name":"(anonymous_104)","decl":{"start":{"line":927,"column":2},"end":{"line":927,"column":8}},"loc":{"start":{"line":927,"column":84},"end":{"line":934,"column":null}}},"87":{"name":"(anonymous_105)","decl":{"start":{"line":936,"column":2},"end":{"line":936,"column":8}},"loc":{"start":{"line":936,"column":47},"end":{"line":943,"column":null}}},"88":{"name":"(anonymous_106)","decl":{"start":{"line":949,"column":2},"end":{"line":949,"column":8}},"loc":{"start":{"line":949,"column":30},"end":{"line":954,"column":null}}},"89":{"name":"(anonymous_107)","decl":{"start":{"line":957,"column":2},"end":{"line":957,"column":8}},"loc":{"start":{"line":957,"column":33},"end":{"line":962,"column":null}}},"90":{"name":"(anonymous_108)","decl":{"start":{"line":965,"column":2},"end":{"line":965,"column":8}},"loc":{"start":{"line":965,"column":8},"end":{"line":970,"column":null}}},"91":{"name":"(anonymous_109)","decl":{"start":{"line":973,"column":2},"end":{"line":973,"column":8}},"loc":{"start":{"line":973,"column":39},"end":{"line":980,"column":null}}},"92":{"name":"(anonymous_110)","decl":{"start":{"line":983,"column":2},"end":{"line":983,"column":8}},"loc":{"start":{"line":983,"column":34},"end":{"line":988,"column":null}}},"93":{"name":"(anonymous_111)","decl":{"start":{"line":991,"column":2},"end":{"line":991,"column":8}},"loc":{"start":{"line":991,"column":8},"end":{"line":996,"column":null}}},"94":{"name":"(anonymous_112)","decl":{"start":{"line":999,"column":2},"end":{"line":999,"column":8}},"loc":{"start":{"line":999,"column":8},"end":{"line":1004,"column":null}}},"95":{"name":"(anonymous_113)","decl":{"start":{"line":1009,"column":2},"end":{"line":1009,"column":8}},"loc":{"start":{"line":1009,"column":30},"end":{"line":1015,"column":null}}},"96":{"name":"(anonymous_114)","decl":{"start":{"line":1017,"column":2},"end":{"line":1017,"column":8}},"loc":{"start":{"line":1017,"column":61},"end":{"line":1023,"column":null}}},"97":{"name":"(anonymous_115)","decl":{"start":{"line":1025,"column":2},"end":{"line":1025,"column":8}},"loc":{"start":{"line":1025,"column":48},"end":{"line":1031,"column":null}}},"98":{"name":"(anonymous_116)","decl":{"start":{"line":1037,"column":2},"end":{"line":1037,"column":8}},"loc":{"start":{"line":1037,"column":8},"end":{"line":1042,"column":null}}},"99":{"name":"(anonymous_117)","decl":{"start":{"line":1044,"column":2},"end":{"line":1044,"column":8}},"loc":{"start":{"line":1044,"column":30},"end":{"line":1061,"column":null}}},"100":{"name":"(anonymous_118)","decl":{"start":{"line":1063,"column":2},"end":{"line":1063,"column":8}},"loc":{"start":{"line":1063,"column":30},"end":{"line":1069,"column":null}}},"101":{"name":"(anonymous_119)","decl":{"start":{"line":1071,"column":2},"end":{"line":1071,"column":8}},"loc":{"start":{"line":1071,"column":33},"end":{"line":1077,"column":null}}},"102":{"name":"(anonymous_120)","decl":{"start":{"line":1079,"column":2},"end":{"line":1079,"column":19}},"loc":{"start":{"line":1079,"column":34},"end":{"line":1081,"column":null}}}},"branchMap":{"0":{"loc":{"start":{"line":6,"column":16},"end":{"line":6,"column":null}},"type":"binary-expr","locations":[{"start":{"line":6,"column":16},"end":{"line":6,"column":54}},{"start":{"line":6,"column":58},"end":{"line":6,"column":null}}]},"1":{"loc":{"start":{"line":7,"column":16},"end":{"line":7,"column":null}},"type":"binary-expr","locations":[{"start":{"line":7,"column":16},"end":{"line":7,"column":54}},{"start":{"line":7,"column":58},"end":{"line":7,"column":null}}]},"2":{"loc":{"start":{"line":8,"column":15},"end":{"line":8,"column":null}},"type":"binary-expr","locations":[{"start":{"line":8,"column":15},"end":{"line":8,"column":53}},{"start":{"line":8,"column":57},"end":{"line":8,"column":null}}]},"3":{"loc":{"start":{"line":12,"column":15},"end":{"line":12,"column":23}},"type":"binary-expr","locations":[{"start":{"line":12,"column":15},"end":{"line":12,"column":22}},{"start":{"line":12,"column":22},"end":{"line":12,"column":23}}]},"4":{"loc":{"start":{"line":13,"column":2},"end":{"line":13,"column":null}},"type":"if","locations":[{"start":{"line":13,"column":2},"end":{"line":13,"column":null}},{"start":{},"end":
[...]
olumn":19},"end":{"line":132,"column":31}},"456":{"start":{"line":135,"column":12},"end":{"line":135,"column":null}},"457":{"start":{"line":136,"column":4},"end":{"line":136,"column":null}},"458":{"start":{"line":136,"column":17},"end":{"line":136,"column":20}},"459":{"start":{"line":136,"column":33},"end":{"line":136,"column":null}},"460":{"start":{"line":137,"column":4},"end":{"line":137,"column":null}},"461":{"start":{"line":137,"column":33},"end":{"line":137,"column":42}},"462":{"start":{"line":137,"column":42},"end":{"line":137,"column":80}},"463":{"start":{"line":137,"column":66},"end":{"line":137,"column":80}},"464":{"start":{"line":138,"column":4},"end":{"line":138,"column":null}},"465":{"start":{"line":138,"column":29},"end":{"line":138,"column":null}},"466":{"start":{"line":142,"column":8},"end":{"line":142,"column":null}},"467":{"start":{"line":143,"column":9},"end":{"line":143,"column":null}},"468":{"start":{"line":144,"column":8},"end":{"line":144,"column":null}},"469":{"start":{"line":145,"column":8},"end":{"line":145,"column":null}},"470":{"start":{"line":146,"column":8},"end":{"line":146,"column":null}},"471":{"start":{"line":150,"column":13},"end":{"line":150,"column":19}},"472":{"start":{"line":150,"column":24},"end":{"line":150,"column":30}},"473":{"start":{"line":150,"column":35},"end":{"line":150,"column":null}},"474":{"start":{"line":151,"column":4},"end":{"line":151,"column":null}},"475":{"start":{"line":152,"column":4},"end":{"line":152,"column":21}},"476":{"start":{"line":152,"column":21},"end":{"line":152,"column":null}},"477":{"start":{"line":153,"column":4},"end":{"line":153,"column":null}},"478":{"start":{"line":154,"column":4},"end":{"line":154,"column":null}},"479":{"start":{"line":158,"column":12},"end":{"line":158,"column":18}},"480":{"start":{"line":158,"column":22},"end":{"line":158,"column":28}},"481":{"start":{"line":158,"column":32},"end":{"line":158,"column":38}},"482":{"start":{"line":158,"column":42},"end":{"line":158,"column":48}},"483":{"start":{"line":158,"column":52},"end":{"line":158,"column":58}},"484":{"start":{"line":158,"column":62},"end":{"line":158,"column":68}},"485":{"start":{"line":158,"column":72},"end":{"line":158,"column":78}},"486":{"start":{"line":158,"column":82},"end":{"line":158,"column":88}},"487":{"start":{"line":158,"column":92},"end":{"line":158,"column":null}},"488":{"start":{"line":159,"column":4},"end":{"line":159,"column":22}},"489":{"start":{"line":159,"column":22},"end":{"line":159,"column":40}},"490":{"start":{"line":159,"column":40},"end":{"line":159,"column":null}},"491":{"start":{"line":160,"column":4},"end":{"line":160,"column":22}},"492":{"start":{"line":160,"column":22},"end":{"line":160,"column":40}},"493":{"start":{"line":160,"column":40},"end":{"line":160,"column":null}},"494":{"start":{"line":161,"column":4},"end":{"line":161,"column":22}},"495":{"start":{"line":161,"column":22},"end":{"line":161,"column":null}},"496":{"start":{"line":162,"column":4},"end":{"line":162,"column":22}},"497":{"start":{"line":162,"column":22},"end":{"line":162,"column":null}},"498":{"start":{"line":163,"column":4},"end":{"line":163,"column":16}},"499":{"start":{"line":163,"column":16},"end":{"line":163,"column":28}},"500":{"start":{"line":163,"column":28},"end":{"line":163,"column":40}},"501":{"start":{"line":163,"column":40},"end":{"line":163,"column":null}},"502":{"start":{"line":164,"column":4},"end":{"line":164,"column":19}},"503":{"start":{"line":164,"column":19},"end":{"line":164,"column":34}},"504":{"start":{"line":164,"column":34},"end":{"line":164,"column":49}},"505":{"start":{"line":164,"column":49},"end":{"line":164,"column":null}},"506":{"start":{"line":167,"column":26},"end":{"line":167,"column":79}},"507":{"start":{"line":167,"column":39},"end":{"line":167,"column":42}},"508":{"start":{"line":167,"column":54},"end":{"line":167,"column":79}},"509":{"start":{"line":171,"column":4},"end":{"line":171,"column":25}},"510":{"start":{"line":171,"column":25},"end":{"line":171,"column":46}},"511":{"start":{"line":171,"column":46},"end":{"line":171,"column":67}},"512":{"start":{"line":171,"column":67},"end":{"line":171,"column":null}},"513":{"start":{"line":172,"column":4},"end":{"line":175,"column":null}},"514":{"start":{"line":173,"column":8},"end":{"line":173,"column":null}},"515":{"start":{"line":174,"column":8},"end":{"line":174,"column":24}},"516":{"start":{"line":174,"column":24},"end":{"line":174,"column":35}},"517":{"start":{"line":174,"column":35},"end":{"line":174,"column":46}},"518":{"start":{"line":174,"column":46},"end":{"line":174,"column":null}},"519":{"start":{"line":179,"column":12},"end":{"line":179,"column":null}},"520":{"start":{"line":180,"column":4},"end":{"line":180,"column":23}},"521":{"start":{"line":180,"column":23},"end":{"line":180,"column":42}},"522":{"start":{"line":180,"column":42},"end":{"line":180,"column":63}},"523":{"start":{"line":180,"column":63},"end":{"line":180,"column":null}},"524":{"start":{"line":181,"column":4},"end":{"line":181,"column":null}},"525":{"start":{"line":187,"column":4},"end":{"line":196,"column":null}},"526":{"start":{"line":188,"column":8},"end":{"line":188,"column":null}},"527":{"start":{"line":189,"column":8},"end":{"line":193,"column":null}},"528":{"start":{"line":190,"column":12},"end":{"line":190,"column":null}},"529":{"start":{"line":191,"column":12},"end":{"line":191,"column":null}},"530":{"start":{"line":192,"column":12},"end":{"line":192,"column":null}},"531":{"start":{"line":194,"column":8},"end":{"line":194,"column":null}},"532":{"start":{"line":195,"column":8},"end":{"line":195,"column":null}},"533":{"start":{"line":197,"column":4},"end":{"line":197,"column":null}},"534":{"start":{"line":198,"column":4},"end":{"line":202,"column":null}},"535":{"start":{"line":199,"column":8},"end":{"line":199,"column":null}},"536":{"start":{"line":200,"column":8},"end":{"line":200,"column":null}},"537":{"start":{"line":201,"column":8},"end":{"line":201,"column":null}},"538":{"start":{"line":203,"column":4},"end":{"line":203,"column":null}},"539":{"start":{"line":203,"column":29},"end":{"line":203,"column":null}},"540":{"start":{"line":204,"column":4},"end":{"line":207,"column":null}},"541":{"start":{"line":205,"column":8},"end":{"line":205,"column":null}},"542":{"start":{"line":206,"column":8},"end":{"line":206,"column":null}},"543":{"start":{"line":216,"column":4},"end":{"line":216,"column":null}},"544":{"start":{"line":223,"column":12},"end":{"line":223,"column":null}},"545":{"start":{"line":224,"column":4},"end":{"line":224,"column":17}},"546":{"start":{"line":224,"column":17},"end":{"line":224,"column":31}},"547":{"start":{"line":224,"column":31},"end":{"line":224,"column":null}},"548":{"start":{"line":226,"column":12},"end":{"line":226,"column":null}},"549":{"start":{"line":227,"column":4},"end":{"line":227,"column":null}},"550":{"start":{"line":229,"column":13},"end":{"line":229,"column":null}},"551":{"start":{"line":230,"column":4},"end":{"line":230,"column":null}},"552":{"start":{"line":232,"column":13},"end":{"line":232,"column":null}},"553":{"start":{"line":233,"column":4},"end":{"line":233,"column":null}},"554":{"start":{"line":233,"column":17},"end":{"line":233,"column":20}},"555":{"start":{"line":233,"column":33},"end":{"line":233,"column":null}},"556":{"start":{"line":234,"column":4},"end":{"line":234,"column":null}},"557":{"start":{"line":234,"column":29},"end":{"line":234,"column":null}},"558":{"start":{"line":236,"column":4},"end":{"line":236,"column":null}},"559":{"start":{"line":247,"column":21},"end":{"line":247,"column":null}},"560":{"start":{"line":248,"column":12},"end":{"line":248,"column":null}},"561":{"start":{"line":249,"column":15},"end":{"line":249,"column":29}},"562":{"start":{"line":251,"column":4},"end":{"line":251,"column":null}},"563":{"start":{"line":252,"column":4},"end":{"line":252,"column":17}},"564":{"start":{"line":252,"column":17},"end":{"line":252,"column":31}},"565":{"start":{"line":252,"column":31},"end":{"line":252,"column":null}},"566":{"start":{"line":255,"column":20},"end":{"line":255,"column":null}},"567":{"start":{"line":256,"column":4},"end":{"line":256,"column":null}},"568":{"start":{"line":256,"column":17},"end":{"line":256,"column":20}},"569":{"start":{"line":256,"column":33},"end":{"line":256,"column":null}},"570":{"start":{"line":257,"column":4},"end":{"line":257,"column":null}},"571":{"start":{"line":257,"column":31},"end":{"line":257,"column":null}},"572":{"start":{"line":258,"column":4},"end":{"line":258,"column":null}},"573":{"start":{"line":261,"column":18},"end":{"line":261,"column":null}},"574":{"start":{"line":262,"column":4},"end":{"line":262,"column":null}},"575":{"start":{"line":262,"column":29},"end":{"line":262,"column":null}},"576":{"start":{"line":263,"column":16},"end":{"line":263,"column":null}},"577":{"start":{"line":264,"column":4},"end":{"line":264,"column":null}},"578":{"start":{"line":267,"column":4},"end":{"line":267,"column":null}},"579":{"start":{"line":268,"column":15},"end":{"line":268,"column":null}},"580":{"start":{"line":269,"column":4},"end":{"line":269,"column":null}},"581":{"start":{"line":272,"column":16},"end":{"line":272,"column":null}},"582":{"start":{"line":273,"column":4},"end":{"line":273,"column":null}},"583":{"start":{"line":273,"column":29},"end":{"line":273,"column":null}},"584":{"start":{"line":274,"column":4},"end":{"line":274,"column":null}},"585":{"start":{"line":274,"column":29},"end":{"line":274,"column":null}},"586":{"start":{"line":275,"column":4},"end":{"line":275,"column":null}},"587":{"start":{"line":275,"column":31},"end":{"line":275,"column":null}},"588":{"start":{"line":276,"column":4},"end":{"line":276,"column":null}},"589":{"start":{"line":279,"column":4},"end":{"line":279,"column":null}},"590":{"start":{"line":279,"column":29},"end":{"line":279,"column":null}},"591":{"start":{"line":280,"column":4},"end":{"line":280,"column":null}},"592":{"start":{"line":280,"column":29},"end":{"line":280,"column":null}},"593":{"start":{"line":281,"column":4},"end":{"line":281,"column":null}},"594":{"start":{"line":281,"column":29},"end":{"line":281,"column":null}},"595":{"start":{"line":281,"column":42},"end":{"line":281,"column":45}},"596":{"start":{"line":281,"column":58},"end":{"line":281,"column":null}},"597":{"start":{"line":283,"column":14},"end":{"line":283,"column":null}},"598":{"start":{"line":284,"column":15},"end":{"line":284,"column":null}},"599":{"start":{"line":285,"column":4},"end":{"line":285,"column":null}},"600":{"start":{"line":286,"column":4},"end":{"line":286,"column":null}},"601":{"start":{"line":286,"column":29},"end":{"line":286,"column":null}},"602":{"start":{"line":287,"column":4},"end":{"line":287,"column":null}},"603":{"start":{"line":287,"column":29},"end":{"line":287,"column":null}},"604":{"start":{"line":289,"column":4},"end":{"line":289,"column":null}}},"fnMap":{"0":{"name":"sha512","decl":{"start":{"line":13,"column":15},"end":{"line":13,"column":22}},"loc":{"start":{"line":13,"column":26},"end":{"line":15,"column":null}}},"1":{"name":"gf","decl":{"start":{"line":18,"column":9},"end":{"line":18,"column":12}},"loc":{"start":{"line":18,"column":16},"end":{"line":22,"column":null}}},"2":{"name":"set25519","decl":{"start":{"line":26,"column":9},"end":{"line":26,"column":18}},"loc":{"start":{"line":26,"column":22},"end":{"line":28,"column":null}}},"3":{"name":"car25519","decl":{"start":{"line":30,"column":9},"end":{"line":30,"column":18}},"loc":{"start":{"line":30,"column":19},"end":{"line":38,"column":null}}},"4":{"name":"sel25519","decl":{"start":{"line":40,"column":9},"end":{"line":40,"column":18}},"loc":{"start":{"line":40,"column":25},"end":{"line":47,"column":null}}},"5":{"name":"pack25519","decl":{"start":{"line":49,"column":9},"end":{"line":49,"column":19}},"loc":{"start":{"line":49,"column":23},"end":{"line":69,"column":null}}},"6":{"name":"par25519","decl":{"start":{"line":71,"column":9},"end":{"line":71,"column":18}},"loc":{"start":{"line":71,"column":19},"end":{"line":75,"column":null}}},"7":{"name":"A","decl":{"start":{"line":77,"column":9},"end":{"line":77,"column":11}},"loc":{"start":{"line":77,"column":18},"end":{"line":77,"column":null}}},"8":{"name":"Z","decl":{"start":{"line":78,"column":9},"end":{"line":78,"column":11}},"loc":{"start":{"line":78,"column":18},"end":{"line":78,"column":null}}},"9":{"name":"M","decl":{"start":{"line":80,"column":9},"end":{"line":80,"column":11}},"loc":{"start":{"line":80,"column":18},"end":{"line":130,"column":null}}},"10":{"name":"S","decl":{"start":{"line":132,"column":9},"end":{"line":132,"column":11}},"loc":{"start":{"line":132,"column":15},"end":{"line":132,"column":null}}},"11":{"name":"inv25519","decl":{"start":{"line":134,"column":9},"end":{"line":134,"column":18}},"loc":{"start":{"line":134,"column":24},"end":{"line":139,"column":null}}},"12":{"name":"pack","decl":{"start":{"line":149,"column":9},"end":{"line":149,"column":14}},"loc":{"start":{"line":149,"column":18},"end":{"line":155,"column":null}}},"13":{"name":"add","decl":{"start":{"line":157,"column":9},"end":{"line":157,"column":13}},"loc":{"start":{"line":157,"column":17},"end":{"line":165,"column":null}}},"14":{"name":"cswap","decl":{"start":{"line":167,"column":9},"end":{"line":167,"column":15}},"loc":{"start":{"line":167,"column":22},"end":{"line":167,"column":null}}},"15":{"name":"scalarmult","decl":{"start":{"line":169,"column":9},"end":{"line":169,"column":20}},"loc":{"start":{"line":169,"column":27},"end":{"line":176,"column":null}}},"16":{"name":"scalarbase","decl":{"start":{"line":178,"column":9},"end":{"line":178,"column":20}},"loc":{"start":{"line":178,"column":24},"end":{"line":182,"column":null}}},"17":{"name":"modL","decl":{"start":{"line":185,"column":9},"end":{"line":185,"column":14}},"loc":{"start":{"line":185,"column":18},"end":{"line":208,"column":null}}},"18":{"name":"generateKeyPair","decl":{"start":{"line":215,"column":22},"end":{"line":215,"column":null}},"loc":{"start":{"line":215,"column":22},"end":{"line":217,"column":null}}},"19":{"name":"generateKeyPairFromSeed","decl":{"start":{"line":222,"column":22},"end":{"line":222,"column":46}},"loc":{"start":{"line":222,"column":50},"end":{"line":237,"column":null}}},"20":{"name":"sign","decl":{"start":{"line":246,"column":22},"end":{"line":246,"column":27}},"loc":{"start":{"line":246,"column":45},"end":{"line":290,"column":null}}}},"branchMap":{"0":{"loc":{"start":{"line":20,"column":4},"end":{"line":20,"column":null}},"type":"if","locations":[{"start":{"line":20,"column":4},"end":{"line":20,"column":null}},{"start":{},"end":{}}]},"1":{"loc":{"start":{"line":137,"column":42},"end":{"line":137,"column":80}},"type":"if","locations":[{"start":{"line":137,"column":42},"end":{"line":137,"column":80}},{"start":{},"end":{}}]},"2":{"loc":{"start":{"line":137,"column":46},"end":{"line":137,"column":66}},"type":"binary-expr","locations":[{"start":{"line":137,"column":46},"end":{"line":137,"column":57}},{"start":{"line":137,"column":57},"end":{"line":137,"column":66}}]}},"s":{"0":0,"1":0,"2":0,"3":0,"4":6,"5":6,"6":5,"7":5,"8":65,"9":6,"10":1,"11":1,"12":0,"13":0,"14":0,"15":0,"16":0,"17":0,"18":0,"19":0,"20":0,"21":0,"22":0,"23":0,"24":0,"25":0,"26":0,"27":0,"28":0,"29":0,"30":0,"31":0,"32":0,"33":0,"34":0,"35":0,"36":0,"37":0,"38":0,"39":0,"40":0,"41":0,"42":0,"43":0,"44":0,"45":0,"46":0,"47":0,"48":0,"49":0,"50":0,"51":0,"52":0,"53":0,"54":0,"55":0,"56":0,"57":0,"58":0,"59":0,"60":0,"61":0,"62":0,"63":0,"64":0,"65":0,"66":0,"67":0,"68":0,"69":0,"70":0,"71":0,"72":0,"73":0,"74":0,"75":0,"76":0,"77":0,"78":0,"79":0,"80":0,"81":0,"82":0,"83":0,"84":0,"85":0,"86":0,"87":0,"88":0,"89":0,"90":0,"91":0,"92":0,"93":0,"94":0,"95":0,"96":0,"97":0,"98":0,"99":0,"100":0,"101":0,"102":0,"103":0,"104":0,"105":0,"106":0,"107":0,"108":0,"109":0,"110":0,"111":0,"112":0,"113":0,"114":0,"115":0,"116":0,"117":0,"118":0,"119":0,"120":0,"121":0,"122":0,"123":0,"124":0,"125":0,"126":0,"127":0,"128":0,"129":0,"130":0,"131":0,"132":0,"133":0,"134":0,"135":0,"136":0,"137":0,"138":0,"139":0,"140":0,"141":0,"142":0,"143":0,"144":0,"145":0,"146":0,"147":0,"148":0,"149":0,"150":0,"151":0,"152":0,"153":0,"154":0,"155":0,"156":0,"157":0,"158":0,"159":0,"160":0,"161":0,"162":0,"163":0,"164":0,"165":0,"166":0,"167":0,"168":0,"169":0,"170":0,"171":0,"172":0,"173":0,"174":0,"175":0,"176":0,"177":0,"178":0,"179":0,"180":0,"181":0,"182":0,"183":0,"184":0,"185":0,"186":0,"187":0,"188":0,"189":0,"190":0,"191":0,"192":0,"193":0,"194":0,"195":0,"196":0,"197":0,"198":0,"199":0,"200":0,"201":0,"202":0,"203":0,"204":0,"205":0,"206":0,"207":0,"208":0,"209":0,"210":0,"211":0,"212":0,"213":0,"214":0,"215":0,"216":0,"217":0,"218":0,"219":0,"220":0,"221":0,"222":0,"223":0,"224":0,"225":0,"226":0,"227":0,"228":0,"229":0,"230":0,"231":0,"232":0,"233":0,"234":0,"235":0,"236":0,"237":0,"238":0,"239":0,"240":0,"241":0,"242":0,"243":0,"244":0,"245":0,"246":0,"247":0,"248":0,"249":0,"250":0,"251":0,"252":0,"253":0,"254":0,"255":0,"256":0,"257":0,"258":0,"259":0,"260":0,"261":0,"262":0,"263":0,"264":0,"265":0,"266":0,"267":0,"268":0,"269":0,"270":0,"271":0,"272":0,"273":0,"274":0,"275":0,"276":0,"277":0,"278":0,"279":0,"280":0,"281":0,"282":0,"283":0,"284":0,"285":0,"286":0,"287":0,"288":0,"289":0,"290":0,"291":0,"292":0,"293":0,"294":0,"295":0,"296":0,"297":0,"298":0,"299":0,"300":0,"301":0,"302":0,"303":0,"304":0,"305":0,"306":0,"307":0,"308":0,"309":0,"310":0,"311":0,"312":0,"313":0,"314":0,"315":0,"316":0,"317":0,"318":0,"319":0,"320":0,"321":0,"322":0,"323":0,"324":0,"325":0,"326":0,"327":0,"328":0,"329":0,"330":0,"331":0,"332":0,"333":0,"334":0,"335":0,"336":0,"337":0,"338":0,"339":0,"340":0,"341":0,"342":0,"343":0,"344":0,"345":0,"346":0,"347":0,"348":0,"349":0,"350":0,"351":0,"352":0,"353":0,"354":0,"355":0,"356":0,"357":0,"358":0,"359":0,"360":0,"361":0,"362":0,"363":0,"364":0,"365":0,"366":0,"367":0,"368":0,"369":0,"370":0,"371":0,"372":0,"373":0,"374":0,"375":0,"376":0,"377":0,"378":0,"379":0,"380":0,"381":0,"382":0,"383":0,"384":0,"385":0,"386":0,"387":0,"388":0,"389":0,"390":0,"391":0,"392":0,"393":0,"394":0,"395":0,"396":0,"397":0,"398":0,"399":0,"400":0,"401":0,"402":0,"403":0,"404":0,"405":0,"406":0,"407":0,"408":0,"409":0,"410":0,"411":0,"412":0,"413":0,"414":0,"415":0,"416":0,"417":0,"418":0,"419":0,"420":0,"421":0,"422":0,"423":0,"424":0,"425":0,"426":0,"427":0,"428":0,"429":0,"430":0,"431":0,"432":0,"433":0,"434":0,"435":0,"436":0,"437":0,"438":0,"439":0,"440":0,"441":0,"442":0,"443":0,"444":0,"445":0,"446":0,"447":0,"448":0,"449":0,"450":0,"451":0,"452":0,"453":0,"454":0,"455":0,"456":0,"457":0,"458":0,"459":0,"460":0,"461":0,"462":0,"463":0,"464":0,"465":0,"466":1,"467":1,"468":1,"469":1,"470":1,"471":0,"472":0,"473":0,"474":0,"475":0,"476":0,"477":0,"478":0,"479":0,"480":0,"481":0,"482":0,"483":0,"484":0,"485":0,"486":0,"487":0,"488":0,"489":0,"490":0,"491":0,"492":0,"493":0,"494":0,"495":0,"496":0,"497":0,"498":0,"499":0,"500":0,"501":0,"502":0,"503":0,"504":0,"505":0,"506":0,"507":0,"508":0,"509":0,"510":0,"511":0,"512":0,"513":0,"514":0,"515":0,"516":0,"517":0,"518":0,"519":0,"520":0,"521":0,"522":0,"523":0,"524":0,"525":0,"526":0,"527":0,"528":0,"529":0,"530":0,"531":0,"532":0,"533":0,"534":0,"535":0,"536":0,"537":0,"538":0,"539":0,"540":0,"541":0,"542":0,"543":0,"544":0,"545":0,"546":0,"547":0,"548":0,"549":0,"550":0,"551":0,"552":0,"553":0,"554":0,"555":0,"556":0,"557":0,"558":0,"559":0,"560":0,"561":0,"562":0,"563":0,"564":0,"565":0,"566":0,"567":0,"568":0,"569":0,"570":0,"571":0,"572":0,"573":0,"574":0,"575":0,"576":0,"577":0,"578":0,"579":0,"580":0,"581":0,"582":0,"583":0,"584":0,"585":0,"586":0,"587":0,"588":0,"589":0,"590":0,"591":0,"592":0,"593":0,"594":0,"595":0,"596":0,"597":0,"598":0,"599":0,"600":0,"601":0,"602":0,"603":0,"604":0},"f":{"0":0,"1":6,"2":0,"3":0,"4":0,"5":0,"6":0,"7":0,"8":0,"9":0,"10":0,"11":0,"12":0,"13":0,"14":0,"15":0,"16":0,"17":0,"18":0,"19":0,"20":0},"b":{"0":[5,1],"1":[0,0],"2":[0,0]}}
}
