TN:
SF:components\pages\LoginPage.jsx
FN:9,LoginPage
FN:14,(anonymous_5)
FN:31,(anonymous_6)
FN:35,(anonymous_7)
FN:40,(anonymous_8)
FN:49,(anonymous_9)
FN:59,(anonymous_10)
FN:106,(anonymous_11)
FN:119,(anonymous_12)
FN:140,(anonymous_13)
FN:186,(anonymous_14)
FN:198,(anonymous_15)
FN:206,(anonymous_16)
FN:220,(anonymous_17)
FN:271,(anonymous_18)
FN:286,(anonymous_19)
FN:359,(anonymous_20)
FN:474,(anonymous_21)
FN:514,(anonymous_22)
FN:562,(anonymous_23)
FNF:20
FNH:9
FNDA:21,LoginPage
FNDA:7,(anonymous_5)
FNDA:7,(anonymous_6)
FNDA:7,(anonymous_7)
FNDA:0,(anonymous_8)
FNDA:5,(anonymous_9)
FNDA:3,(anonymous_10)
FNDA:1,(anonymous_11)
FNDA:1,(anonymous_12)
FNDA:0,(anonymous_13)
FNDA:0,(anonymous_14)
FNDA:0,(anonymous_15)
FNDA:0,(anonymous_16)
FNDA:0,(anonymous_17)
FNDA:0,(anonymous_18)
FNDA:2,(anonymous_19)
FNDA:0,(anonymous_20)
FNDA:0,(anonymous_21)
FNDA:0,(anonymous_22)
FNDA:0,(anonymous_23)
DA:3,1
DA:4,1
DA:5,1
DA:6,1
DA:7,1
DA:9,7
DA:10,21
DA:11,21
DA:12,21
DA:14,21
DA:15,7
DA:16,7
DA:23,21
DA:24,21
DA:25,21
DA:26,21
DA:27,21
DA:28,21
DA:31,21
DA:33,7
DA:35,7
DA:36,7
DA:37,7
DA:38,7
DA:39,0
DA:40,0
DA:43,0
DA:46,7
DA:49,21
DA:50,5
DA:51,5
DA:53,5
DA:54,0
DA:59,21
DA:60,3
DA:62,3
DA:63,1
DA:64,1
DA:67,2
DA:68,2
DA:70,2
DA:71,2
DA:76,1
DA:79,1
DA:80,1
DA:81,1
DA:83,1
DA:100,1
DA:101,1
DA:104,1
DA:106,1
DA:107,1
DA:111,1
DA:112,1
DA:114,2
DA:119,21
DA:120,1
DA:121,0
DA:122,0
DA:125,1
DA:126,1
DA:128,1
DA:129,1
DA:130,1
DA:131,1
DA:133,0
DA:135,1
DA:140,21
DA:141,0
DA:142,0
DA:143,0
DA:146,0
DA:147,0
DA:149,0
DA:150,0
DA:152,0
DA:158,0
DA:161,0
DA:163,0
DA:180,0
DA:181,0
DA:184,0
DA:186,0
DA:187,0
DA:191,0
DA:193,0
DA:198,21
DA:199,0
DA:200,0
DA:202,0
DA:203,0
DA:204,0
DA:205,0
DA:206,0
DA:207,0
DA:209,0
DA:220,0
DA:271,0
DA:286,2
DA:359,0
DA:474,0
DA:514,0
DA:562,0
LF:103
LH:63
BRDA:15,0,0,7
BRDA:15,0,1,0
BRDA:17,1,0,7
BRDA:17,1,1,0
BRDA:38,2,0,0
BRDA:38,2,1,7
BRDA:53,3,0,0
BRDA:53,3,1,5
BRDA:62,4,0,1
BRDA:62,4,1,2
BRDA:62,5,0,3
BRDA:62,5,1,2
BRDA:86,6,0,1
BRDA:86,6,1,0
BRDA:87,7,0,1
BRDA:87,7,1,0
BRDA:88,8,0,1
BRDA:88,8,1,0
BRDA:89,9,0,1
BRDA:89,9,1,0
BRDA:89,10,0,0
BRDA:89,10,1,0
BRDA:90,11,0,1
BRDA:90,11,1,0
BRDA:92,12,0,1
BRDA:92,12,1,0
BRDA:93,13,0,1
BRDA:93,13,1,1
BRDA:94,14,0,1
BRDA:94,14,1,0
BRDA:95,15,0,1
BRDA:95,15,1,0
BRDA:96,16,0,1
BRDA:96,16,1,0
BRDA:100,17,0,1
BRDA:100,17,1,0
BRDA:112,18,0,1
BRDA:112,18,1,0
BRDA:120,19,0,0
BRDA:120,19,1,1
BRDA:133,20,0,0
BRDA:133,20,1,0
BRDA:141,21,0,0
BRDA:141,21,1,0
BRDA:141,22,0,0
BRDA:141,22,1,0
BRDA:166,23,0,0
BRDA:166,23,1,0
BRDA:167,24,0,0
BRDA:167,24,1,0
BRDA:168,25,0,0
BRDA:168,25,1,0
BRDA:169,26,0,0
BRDA:169,26,1,0
BRDA:169,27,0,0
BRDA:169,27,1,0
BRDA:170,28,0,0
BRDA:170,28,1,0
BRDA:172,29,0,0
BRDA:172,29,1,0
BRDA:173,30,0,0
BRDA:173,30,1,0
BRDA:174,31,0,0
BRDA:174,31,1,0
BRDA:175,32,0,0
BRDA:175,32,1,0
BRDA:176,33,0,0
BRDA:176,33,1,0
BRDA:180,34,0,0
BRDA:180,34,1,0
BRDA:187,35,0,0
BRDA:187,35,1,0
BRDA:191,36,0,0
BRDA:191,36,1,0
BRDA:200,37,0,0
BRDA:200,37,1,0
BRDA:204,38,0,0
BRDA:204,38,1,0
BRDA:226,39,0,21
BRDA:226,39,1,0
BRDA:229,40,0,21
BRDA:229,40,1,0
BRDA:230,41,0,21
BRDA:230,41,1,0
BRDA:231,42,0,21
BRDA:231,42,1,0
BRDA:237,43,0,21
BRDA:237,43,1,0
BRDA:245,44,0,21
BRDA:245,44,1,20
BRDA:262,45,0,21
BRDA:262,45,1,20
BRDA:279,46,0,15
BRDA:279,46,1,4
BRDA:280,47,0,15
BRDA:280,47,1,4
BRDA:294,48,0,4
BRDA:294,48,1,15
BRDA:295,49,0,4
BRDA:295,49,1,15
BRDA:303,50,0,21
BRDA:317,51,0,21
BRDA:317,51,1,20
BRDA:317,51,2,15
BRDA:350,52,0,2
BRDA:350,52,1,13
BRDA:353,53,0,2
BRDA:353,53,1,13
BRDA:376,54,0,21
BRDA:376,54,1,20
BRDA:376,54,2,5
BRDA:391,55,0,4
BRDA:417,56,0,4
BRDA:437,57,0,3
BRDA:437,57,1,1
BRDA:437,58,0,4
BRDA:437,58,1,2
BRDA:439,59,0,4
BRDA:439,59,1,2
BRDA:441,60,0,1
BRDA:441,60,1,3
BRDA:447,61,0,21
BRDA:447,61,1,20
BRDA:447,61,2,5
BRDA:494,62,0,0
BRDA:494,62,1,1
BRDA:496,63,0,0
BRDA:496,63,1,1
BRDA:502,64,0,1
BRDA:502,64,1,0
BRDA:502,65,0,1
BRDA:502,65,1,0
BRDA:504,66,0,1
BRDA:504,66,1,0
BRDA:506,67,0,0
BRDA:506,67,1,1
BRDA:509,68,0,0
BRDA:509,68,1,1
BRDA:523,69,0,21
BRDA:523,69,1,20
BRDA:539,70,0,0
BRDA:539,70,1,1
BRDA:547,71,0,21
BRDA:547,71,1,20
BRF:144
BRH:75
end_of_record
TN:
SF:components\ui\theme-provider.tsx
FN:20,(anonymous_6)
FN:25,ThemeProvider
FN:33,(anonymous_8)
FN:39,(anonymous_9)
FN:58,(anonymous_10)
FNF:5
FNH:0
FNDA:0,(anonymous_6)
FNDA:0,ThemeProvider
FNDA:0,(anonymous_8)
FNDA:0,(anonymous_9)
FNDA:0,(anonymous_10)
DA:3,1
DA:18,1
DA:20,0
DA:23,1
DA:25,1
DA:31,0
DA:33,0
DA:34,0
DA:35,0
DA:36,0
DA:39,0
DA:40,0
DA:41,0
DA:42,0
DA:43,0
DA:46,0
DA:58,1
DA:59,0
DA:61,0
DA:62,0
DA:65,0
LF:21
LH:5
BRDA:27,0,0,0
BRDA:28,1,0,0
BRDA:34,2,0,0
BRDA:34,2,1,0
BRDA:40,3,0,0
BRDA:40,3,1,0
BRDA:61,4,0,0
BRDA:61,4,1,0
BRF:8
BRH:0
end_of_record
TN:
SF:lib\api.ts
FN:11,normalizeApiBaseUrl
FN:28,getApiBase
FN:43,setApiBase
FN:54,getCurrentInstance
FN:63,resolveMediaUrl
FN:70,(anonymous_23)
FN:94,apiBase
FN:100,(anonymous_25)
FN:109,handleResponse
FN:139,(anonymous_27)
FN:187,(anonymous_28)
FN:203,(anonymous_29)
FN:212,(anonymous_30)
FN:225,(anonymous_31)
FN:234,(anonymous_32)
FN:248,(anonymous_33)
FN:255,(anonymous_34)
FN:262,(anonymous_35)
FN:269,(anonymous_36)
FN:277,(anonymous_37)
FN:282,(anonymous_38)
FN:288,(anonymous_39)
FN:303,(anonymous_40)
FN:310,(anonymous_41)
FN:315,(anonymous_42)
FN:320,(anonymous_43)
FN:336,(anonymous_44)
FN:354,(anonymous_45)
FN:363,(anonymous_46)
FN:374,(anonymous_47)
FN:400,(anonymous_48)
FN:403,(anonymous_49)
FN:410,(anonymous_50)
FN:417,(anonymous_51)
FN:425,(anonymous_52)
FN:432,(anonymous_53)
FN:441,(anonymous_54)
FN:449,(anonymous_55)
FN:456,(anonymous_56)
FN:465,(anonymous_57)
FN:475,(anonymous_58)
FN:487,(anonymous_59)
FN:504,(anonymous_60)
FN:513,(anonymous_61)
FN:520,(anonymous_62)
FN:527,(anonymous_63)
FN:535,(anonymous_64)
FN:543,(anonymous_65)
FN:551,(anonymous_66)
FN:559,(anonymous_67)
FN:567,(anonymous_68)
FN:575,(anonymous_69)
FN:583,(anonymous_70)
FN:594,(anonymous_71)
FN:602,(anonymous_72)
FN:613,(anonymous_73)
FN:620,(anonymous_74)
FN:628,(anonymous_75)
FN:637,(anonymous_76)
FN:657,(anonymous_77)
FN:665,(anonymous_78)
FN:674,(anonymous_79)
FN:682,(anonymous_80)
FN:693,(anonymous_81)
FN:701,(anonymous_82)
FN:708,(anonymous_83)
FN:716,(anonymous_84)
FN:724,(anonymous_85)
FN:733,(anonymous_86)
FN:741,(anonymous_87)
FN:749,(anonymous_88)
FN:757,(anonymous_89)
FN:766,(anonymous_90)
FN:773,(anonymous_91)
FN:781,(anonymous_92)
FN:789,(anonymous_93)
FN:798,(anonymous_94)
FN:807,(anonymous_95)
FN:816,(anonymous_96)
FN:823,(anonymous_97)
FN:832,(anonymous_98)
FN:847,(anonymous_99)
FN:856,(anonymous_100)
FN:894,(anonymous_101)
FN:913,(anonymous_102)
FN:920,(anonymous_103)
FN:927,(anonymous_104)
FN:936,(anonymous_105)
FN:949,(anonymous_106)
FN:957,(anonymous_107)
FN:965,(anonymous_108)
FN:973,(anonymous_109)
FN:983,(anonymous_110)
FN:991,(anonymous_111)
FN:999,(anonymous_112)
FN:1009,(anonymous_113)
FN:1017,(anonymous_114)
FN:1025,(anonymous_115)
FN:1037,(anonymous_116)
FN:1044,(anonymous_117)
FN:1063,(anonymous_118)
FN:1071,(anonymous_119)
FN:1079,(anonymous_120)
FNF:103
FNH:13
FNDA:7,normalizeApiBaseUrl
FNDA:7,getApiBase
FNDA:0,setApiBase
FNDA:0,getCurrentInstance
FNDA:0,resolveMediaUrl
FNDA:0,(anonymous_23)
FNDA:7,apiBase
FNDA:1,(anonymous_25)
FNDA:7,handleResponse
FNDA:1,(anonymous_27)
FNDA:2,(anonymous_28)
FNDA:1,(anonymous_29)
FNDA:1,(anonymous_30)
FNDA:0,(anonymous_31)
FNDA:0,(anonymous_32)
FNDA:0,(anonymous_33)
FNDA:0,(anonymous_34)
FNDA:0,(anonymous_35)
FNDA:0,(anonymous_36)
FNDA:0,(anonymous_37)
FNDA:0,(anonymous_38)
FNDA:1,(anonymous_39)
FNDA:1,(anonymous_40)
FNDA:0,(anonymous_41)
FNDA:0,(anonymous_42)
FNDA:0,(anonymous_43)
FNDA:0,(anonymous_44)
FNDA:0,(anonymous_45)
FNDA:0,(anonymous_46)
FNDA:1,(anonymous_47)
FNDA:1,(anonymous_48)
FNDA:0,(anonymous_49)
FNDA:0,(anonymous_50)
FNDA:0,(anonymous_51)
FNDA:0,(anonymous_52)
FNDA:0,(anonymous_53)
FNDA:0,(anonymous_54)
FNDA:0,(anonymous_55)
FNDA:0,(anonymous_56)
FNDA:0,(anonymous_57)
FNDA:0,(anonymous_58)
FNDA:0,(anonymous_59)
FNDA:0,(anonymous_60)
FNDA:0,(anonymous_61)
FNDA:0,(anonymous_62)
FNDA:0,(anonymous_63)
FNDA:0,(anonymous_64)
FNDA:0,(anonymous_65)
FNDA:0,(anonymous_66)
FNDA:0,(anonymous_67)
FNDA:0,(anonymous_68)
FNDA:0,(anonymous_69)
FNDA:0,(anonymous_70)
FNDA:0,(anonymous_71)
FNDA:0,(anonymous_72)
FNDA:0,(anonymous_73)
FNDA:0,(anonymous_74)
FNDA:0,(anonymous_75)
FNDA:0,(anonymous_76)
FNDA:0,(anonymous_77)
FNDA:0,(anonymous_78)
FNDA:0,(anonymous_79)
FNDA:0,(anonymous_80)
FNDA:0,(anonymous_81)
FNDA:0,(anonymous_82)
FNDA:0,(anonymous_83)
FNDA:0,(anonymous_84)
FNDA:0,(anonymous_85)
FNDA:0,(anonymous_86)
FNDA:0,(anonymous_87)
FNDA:0,(anonymous_88)
FNDA:0,(anonymous_89)
FNDA:0,(anonymous_90)
FNDA:0,(anonymous_91)
FNDA:0,(anonymous_92)
FNDA:0,(anonymous_93)
FNDA:0,(anonymous_94)
FNDA:0,(anonymous_95)
FNDA:0,(anonymous_96)
FNDA:0,(anonymous_97)
FNDA:0,(anonymous_98)
FNDA:0,(anonymous_99)
FNDA:0,(anonymous_100)
FNDA:0,(anonymous_101)
FNDA:0,(anonymous_102)
FNDA:0,(anonymous_103)
FNDA:0,(anonymous_104)
FNDA:0,(anonymous_105)
FNDA:0,(anonymous_106)
FNDA:0,(anonymous_107)
FNDA:0,(anonymous_108)
FNDA:0,(anonymous_109)
FNDA:0,(anonymous_110)
FNDA:0,(anonymous_111)
FNDA:0,(anonymous_112)
FNDA:0,(anonymous_113)
FNDA:0,(anonymous_114)
FNDA:0,(anonymous_115)
FNDA:0,(anonymous_116)
FNDA:0,(anonymous_117)
FNDA:0,(anonymous_118)
FNDA:0,(anonymous_119)
FNDA:0,(anonymous_120)
DA:5,3
DA:12,7
DA:13,7
DA:15,7
DA:17,7
DA:18,7
DA:20,0
DA:21,0
DA:24,0
DA:29,7
DA:30,7
DA:31,7
DA:32,0
DA:33,0
DA:34,0
DA:36,0
DA:39,7
DA:43,1
DA:44,0
DA:45,0
DA:46,0
DA:47,0
DA:48,0
DA:49,0
DA:54,1
DA:55,0
DA:56,0
DA:57,0
DA:58,0
DA:60,0
DA:63,1
DA:64,0
DA:65,0
DA:66,0
DA:68,0
DA:70,0
DA:71,0
DA:72,0
DA:74,0
DA:78,0
DA:79,0
DA:80,0
DA:81,0
DA:84,0
DA:85,0
DA:86,0
DA:87,0
DA:90,0
DA:95,7
DA:100,3
DA:101,1
DA:102,1
DA:110,7
DA:111,1
DA:112,1
DA:119,1
DA:120,1
DA:121,1
DA:122,1
DA:123,1
DA:124,0
DA:125,0
DA:128,0
DA:129,0
DA:132,1
DA:134,6
DA:138,7
DA:152,1
DA:153,0
DA:154,0
DA:155,0
DA:156,0
DA:157,0
DA:158,0
DA:159,0
DA:160,0
DA:161,0
DA:162,0
DA:163,0
DA:165,0
DA:170,1
DA:177,1
DA:178,1
DA:179,0
DA:180,0
DA:181,0
DA:184,1
DA:188,2
DA:193,2
DA:194,1
DA:195,1
DA:196,1
DA:197,1
DA:200,1
DA:204,1
DA:209,1
DA:213,1
DA:218,1
DA:219,1
DA:220,1
DA:222,1
DA:226,0
DA:231,0
DA:240,0
DA:245,0
DA:249,0
DA:252,0
DA:256,0
DA:259,0
DA:263,0
DA:266,0
DA:270,0
DA:274,0
DA:278,0
DA:279,0
DA:283,0
DA:284,0
DA:285,0
DA:289,1
DA:290,1
DA:291,1
DA:292,1
DA:293,1
DA:294,1
DA:295,1
DA:296,1
DA:302,3
DA:304,1
DA:307,1
DA:311,0
DA:312,0
DA:316,0
DA:317,0
DA:328,0
DA:333,0
DA:337,0
DA:338,0
DA:340,0
DA:341,0
DA:342,0
DA:343,0
DA:346,0
DA:351,0
DA:355,0
DA:360,0
DA:364,0
DA:368,0
DA:373,3
DA:375,1
DA:378,1
DA:380,1
DA:382,1
DA:383,0
DA:386,1
DA:387,1
DA:390,1
DA:391,1
DA:392,1
DA:393,1
DA:396,1
DA:400,1
DA:404,0
DA:407,0
DA:411,0
DA:414,0
DA:418,0
DA:422,0
DA:426,0
DA:429,0
DA:433,0
DA:438,0
DA:442,0
DA:446,0
DA:450,0
DA:453,0
DA:457,0
DA:462,0
DA:467,0
DA:472,0
DA:476,0
DA:481,0
DA:486,3
DA:488,0
DA:489,0
DA:490,0
DA:491,0
DA:493,0
DA:498,0
DA:499,0
DA:500,0
DA:501,0
DA:505,0
DA:506,0
DA:510,0
DA:514,0
DA:517,0
DA:521,0
DA:524,0
DA:528,0
DA:529,0
DA:534,3
DA:536,0
DA:540,0
DA:544,0
DA:548,0
DA:552,0
DA:556,0
DA:560,0
DA:564,0
DA:568,0
DA:572,0
DA:576,0
DA:580,0
DA:584,0
DA:587,0
DA:593,3
DA:595,0
DA:596,0
DA:601,3
DA:603,0
DA:607,0
DA:612,3
DA:614,0
DA:617,0
DA:621,0
DA:625,0
DA:629,0
DA:634,0
DA:644,0
DA:649,0
DA:658,0
DA:662,0
DA:666,0
DA:671,0
DA:675,0
DA:679,0
DA:683,0
DA:687,0
DA:692,3
DA:694,0
DA:698,0
DA:702,0
DA:705,0
DA:709,0
DA:713,0
DA:717,0
DA:721,0
DA:725,0
DA:730,0
DA:734,0
DA:738,0
DA:742,0
DA:746,0
DA:750,0
DA:754,0
DA:758,0
DA:762,0
DA:767,0
DA:770,0
DA:774,0
DA:778,0
DA:782,0
DA:786,0
DA:790,0
DA:795,0
DA:799,0
DA:804,0
DA:808,0
DA:813,0
DA:817,0
DA:820,0
DA:824,0
DA:828,0
DA:833,0
DA:838,0
DA:839,0
DA:841,0
DA:842,0
DA:848,0
DA:853,0
DA:857,0
DA:860,0
DA:895,0
DA:896,0
DA:899,0
DA:914,0
DA:917,0
DA:921,0
DA:924,0
DA:928,0
DA:933,0
DA:937,0
DA:942,0
DA:947,3
DA:950,0
DA:953,0
DA:958,0
DA:961,0
DA:966,0
DA:969,0
DA:974,0
DA:979,0
DA:984,0
DA:987,0
DA:992,0
DA:995,0
DA:1000,0
DA:1003,0
DA:1008,3
DA:1010,0
DA:1014,0
DA:1018,0
DA:1022,0
DA:1026,0
DA:1030,0
DA:1035,3
DA:1038,0
DA:1041,0
DA:1045,0
DA:1046,0
DA:1048,0
DA:1049,0
DA:1050,0
DA:1051,0
DA:1054,0
DA:1060,0
DA:1064,0
DA:1068,0
DA:1072,0
DA:1076,0
DA:1080,0
DA:1084,3
DA:1099,3
LF:333
LH:82
BRDA:6,0,0,3
BRDA:6,0,1,0
BRDA:7,1,0,3
BRDA:7,1,1,0
BRDA:8,2,0,3
BRDA:8,2,1,0
BRDA:12,3,0,7
BRDA:12,3,1,0
BRDA:13,4,0,0
BRDA:13,4,1,7
BRDA:13,5,0,0
BRDA:13,5,1,0
BRDA:13,5,2,0
BRDA:17,6,0,7
BRDA:17,6,1,0
BRDA:20,7,0,0
BRDA:20,7,1,0
BRDA:29,8,0,7
BRDA:29,8,1,0
BRDA:31,9,0,0
BRDA:31,9,1,7
BRDA:33,10,0,0
BRDA:33,10,1,0
BRDA:39,11,0,7
BRDA:39,11,1,0
BRDA:39,11,2,0
BRDA:44,12,0,0
BRDA:44,12,1,0
BRDA:45,13,0,0
BRDA:45,13,1,0
BRDA:46,14,0,0
BRDA:46,14,1,0
BRDA:55,15,0,0
BRDA:55,15,1,0
BRDA:56,16,0,0
BRDA:56,16,1,0
BRDA:57,17,0,0
BRDA:57,17,1,0
BRDA:64,18,0,0
BRDA:64,18,1,0
BRDA:64,19,0,0
BRDA:64,19,1,0
BRDA:66,20,0,0
BRDA:66,20,1,0
BRDA:68,21,0,0
BRDA:68,21,1,0
BRDA:68,22,0,0
BRDA:68,22,1,0
BRDA:78,23,0,0
BRDA:78,23,1,0
BRDA:81,24,0,0
BRDA:81,24,1,0
BRDA:84,25,0,0
BRDA:84,25,1,0
BRDA:87,26,0,0
BRDA:87,26,1,0
BRDA:101,27,0,1
BRDA:101,27,1,0
BRDA:104,28,0,1
BRDA:104,28,1,1
BRDA:110,29,0,1
BRDA:110,29,1,6
BRDA:122,30,0,1
BRDA:122,30,1,0
BRDA:124,31,0,0
BRDA:124,31,1,0
BRDA:128,32,0,0
BRDA:128,32,1,0
BRDA:152,33,0,0
BRDA:152,33,1,1
BRDA:154,34,0,0
BRDA:154,34,1,0
BRDA:155,35,0,0
BRDA:155,35,1,0
BRDA:156,36,0,0
BRDA:156,36,1,0
BRDA:157,37,0,0
BRDA:157,37,1,0
BRDA:158,38,0,0
BRDA:158,38,1,0
BRDA:159,39,0,0
BRDA:159,39,1,0
BRDA:160,40,0,0
BRDA:160,40,1,0
BRDA:161,41,0,0
BRDA:161,41,1,0
BRDA:162,42,0,0
BRDA:162,42,1,0
BRDA:178,43,0,0
BRDA:178,43,1,1
BRDA:180,44,0,0
BRDA:180,44,1,0
BRDA:194,45,0,1
BRDA:194,45,1,0
BRDA:196,46,0,1
BRDA:196,46,1,0
BRDA:219,47,0,1
BRDA:219,47,1,0
BRDA:278,48,0,0
BRDA:278,48,1,0
BRDA:283,49,0,0
BRDA:283,49,1,0
BRDA:285,50,0,0
BRDA:285,50,1,0
BRDA:289,51,0,1
BRDA:289,51,1,0
BRDA:340,52,0,0
BRDA:340,52,1,0
BRDA:342,53,0,0
BRDA:342,53,1,0
BRDA:374,54,0,0
BRDA:378,55,0,1
BRDA:378,55,1,0
BRDA:382,56,0,0
BRDA:382,56,1,1
BRDA:382,57,0,1
BRDA:382,57,1,0
BRDA:386,58,0,1
BRDA:386,58,1,0
BRDA:390,59,0,1
BRDA:390,59,1,0
BRDA:392,60,0,1
BRDA:392,60,1,0
BRDA:410,61,0,0
BRDA:410,62,0,0
BRDA:417,63,0,0
BRDA:417,64,0,0
BRDA:425,65,0,0
BRDA:425,66,0,0
BRDA:425,67,0,0
BRDA:460,68,0,0
BRDA:460,68,1,0
BRDA:513,69,0,0
BRDA:513,70,0,0
BRDA:520,71,0,0
BRDA:520,72,0,0
BRDA:602,73,0,0
BRDA:602,74,0,0
BRDA:620,75,0,0
BRDA:620,76,0,0
BRDA:693,77,0,0
BRDA:693,78,0,0
BRDA:749,79,0,0
BRDA:749,80,0,0
BRDA:832,81,0,0
BRDA:832,82,0,0
BRDA:895,83,0,0
BRDA:895,83,1,0
BRDA:931,84,0,0
BRDA:931,84,1,0
BRDA:940,85,0,0
BRDA:940,85,1,0
BRDA:949,86,0,0
BRDA:983,87,0,0
BRDA:1009,88,0,0
BRDA:1017,89,0,0
BRDA:1017,90,0,0
BRDA:1025,91,0,0
BRDA:1048,92,0,0
BRDA:1048,92,1,0
BRDA:1050,93,0,0
BRDA:1050,93,1,0
BRF:162
BRH:27
end_of_record
TN:
SF:lib\crypto.ts
FN:30,generateKeyPair
FN:36,(anonymous_17)
FN:71,generateDID
FN:78,signChallenge
FN:94,importPrivateKey
FN:115,importEncryptionPrivateKey
FN:130,importEncryptionPublicKey
FN:145,deriveSharedSecret
FN:162,encryptMessage
FN:183,decryptMessage
FN:205,deriveRecoveryKey
FN:229,assertRecoveryDataIntegrity
FN:248,uint8ArrayToBase64
FN:257,bufferToBase64
FN:262,base64ToBuffer
FN:272,hashString
FN:280,storeKeyPair
FN:295,loadKeyPair
FN:343,exportRecoveryFile
FN:399,clearStoredKeys
FN:412,importRecoveryFile
FN:413,(anonymous_37)
FN:416,(anonymous_38)
FN:480,(anonymous_39)
FN:485,loadEncryptionKeys
FNF:25
FNH:0
FNDA:0,generateKeyPair
FNDA:0,(anonymous_17)
FNDA:0,generateDID
FNDA:0,signChallenge
FNDA:0,importPrivateKey
FNDA:0,importEncryptionPrivateKey
FNDA:0,importEncryptionPublicKey
FNDA:0,deriveSharedSecret
FNDA:0,encryptMessage
FNDA:0,decryptMessage
FNDA:0,deriveRecoveryKey
FNDA:0,assertRecoveryDataIntegrity
FNDA:0,uint8ArrayToBase64
FNDA:0,bufferToBase64
FNDA:0,base64ToBuffer
FNDA:0,hashString
FNDA:0,storeKeyPair
FNDA:0,loadKeyPair
FNDA:0,exportRecoveryFile
FNDA:0,clearStoredKeys
FNDA:0,importRecoveryFile
FNDA:0,(anonymous_37)
FNDA:0,(anonymous_38)
FNDA:0,(anonymous_39)
FNDA:0,loadEncryptionKeys
DA:2,1
DA:30,1
DA:32,0
DA:34,0
DA:36,0
DA:39,0
DA:42,0
DA:51,0
DA:52,0
DA:54,0
DA:55,0
DA:57,0
DA:73,0
DA:74,0
DA:78,1
DA:79,0
DA:80,0
DA:83,0
DA:84,0
DA:86,0
DA:89,0
DA:90,0
DA:94,1
DA:96,0
DA:97,0
DA:98,0
DA:99,0
DA:101,0
DA:105,0
DA:106,0
DA:107,0
DA:109,0
DA:110,0
DA:115,1
DA:116,0
DA:117,0
DA:130,1
DA:131,0
DA:145,1
DA:146,0
DA:162,1
DA:163,0
DA:164,0
DA:165,0
DA:167,0
DA:176,0
DA:183,1
DA:184,0
DA:185,0
DA:187,0
DA:188,0
DA:197,0
DA:198,0
DA:200,0
DA:201,0
DA:206,0
DA:207,0
DA:215,0
DA:230,0
DA:231,0
DA:232,0
DA:233,0
DA:237,0
DA:238,0
DA:241,0
DA:242,0
DA:249,0
DA:250,0
DA:251,0
DA:253,0
DA:258,0
DA:263,0
DA:264,0
DA:265,0
DA:266,0
DA:268,0
DA:273,0
DA:274,0
DA:275,0
DA:276,0
DA:280,1
DA:283,0
DA:284,0
DA:285,0
DA:286,0
DA:288,0
DA:289,0
DA:290,0
DA:295,1
DA:296,0
DA:297,0
DA:298,0
DA:300,0
DA:301,0
DA:303,0
DA:304,0
DA:307,0
DA:308,0
DA:313,0
DA:314,0
DA:321,0
DA:322,0
DA:325,0
DA:337,0
DA:338,0
DA:343,1
DA:344,0
DA:356,0
DA:358,0
DA:360,0
DA:361,0
DA:362,0
DA:363,0
DA:364,0
DA:365,0
DA:371,0
DA:372,0
DA:383,0
DA:386,0
DA:387,0
DA:389,0
DA:390,0
DA:391,0
DA:392,0
DA:393,0
DA:394,0
DA:395,0
DA:399,1
DA:400,0
DA:401,0
DA:402,0
DA:403,0
DA:404,0
DA:405,0
DA:409,1
DA:412,1
DA:413,0
DA:414,0
DA:416,0
DA:417,0
DA:418,0
DA:419,0
DA:421,0
DA:422,0
DA:423,0
DA:424,0
DA:427,0
DA:428,0
DA:429,0
DA:430,0
DA:431,0
DA:436,0
DA:437,0
DA:439,0
DA:440,0
DA:441,0
DA:442,0
DA:447,0
DA:449,0
DA:450,0
DA:453,0
DA:456,0
DA:457,0
DA:460,0
DA:472,0
DA:474,0
DA:476,0
DA:480,0
DA:481,0
DA:485,1
DA:486,0
DA:487,0
DA:489,0
DA:490,0
DA:493,0
DA:494,0
DA:495,0
DA:497,0
DA:504,0
DA:505,0
LF:180
LH:16
BRDA:83,0,0,0
BRDA:83,0,1,0
BRDA:96,1,0,0
BRDA:96,1,1,0
BRDA:232,2,0,0
BRDA:232,2,1,0
BRDA:232,3,0,0
BRDA:232,3,1,0
BRDA:237,4,0,0
BRDA:237,4,1,0
BRDA:241,5,0,0
BRDA:241,5,1,0
BRDA:241,6,0,0
BRDA:241,6,1,0
BRDA:288,7,0,0
BRDA:288,7,1,0
BRDA:288,8,0,0
BRDA:288,8,1,0
BRDA:303,9,0,0
BRDA:303,9,1,0
BRDA:303,10,0,0
BRDA:303,10,1,0
BRDA:303,10,2,0
BRDA:313,11,0,0
BRDA:313,11,1,0
BRDA:321,12,0,0
BRDA:321,12,1,0
BRDA:333,13,0,0
BRDA:333,13,1,0
BRDA:334,14,0,0
BRDA:334,14,1,0
BRDA:360,15,0,0
BRDA:360,15,1,0
BRDA:360,16,0,0
BRDA:360,16,1,0
BRDA:421,17,0,0
BRDA:421,17,1,0
BRDA:421,18,0,0
BRDA:421,18,1,0
BRDA:423,19,0,0
BRDA:423,19,1,0
BRDA:423,20,0,0
BRDA:423,20,1,0
BRDA:427,21,0,0
BRDA:427,21,1,0
BRDA:428,22,0,0
BRDA:428,22,1,0
BRDA:429,23,0,0
BRDA:429,23,1,0
BRDA:439,24,0,0
BRDA:439,24,1,0
BRDA:441,25,0,0
BRDA:441,25,1,0
BRDA:449,26,0,0
BRDA:449,26,1,0
BRDA:449,27,0,0
BRDA:449,27,1,0
BRDA:449,27,2,0
BRDA:456,28,0,0
BRDA:456,28,1,0
BRDA:489,29,0,0
BRDA:489,29,1,0
BRDA:489,30,0,0
BRDA:489,30,1,0
BRF:64
BRH:0
end_of_record
TN:
SF:lib\ed25519-browser.js
FN:13,sha512
FN:18,gf
FN:26,set25519
FN:30,car25519
FN:40,sel25519
FN:49,pack25519
FN:71,par25519
FN:77,A
FN:78,Z
FN:80,M
FN:132,S
FN:134,inv25519
FN:149,pack
FN:157,add
FN:167,cswap
FN:169,scalarmult
FN:178,scalarbase
FN:185,modL
FN:215,generateKeyPair
FN:222,generateKeyPairFromSeed
FN:246,sign
FNF:21
FNH:1
FNDA:0,sha512
FNDA:6,gf
FNDA:0,set25519
FNDA:0,car25519
FNDA:0,sel25519
FNDA:0,pack25519
FNDA:0,par25519
FNDA:0,A
FNDA:0,Z
FNDA:0,M
FNDA:0,S
FNDA:0,inv25519
FNDA:0,pack
FNDA:0,add
FNDA:0,cswap
FNDA:0,scalarmult
FNDA:0,scalarbase
FNDA:0,modL
FNDA:0,generateKeyPair
FNDA:0,generateKeyPairFromSeed
FNDA:0,sign
DA:14,0
DA:19,6
DA:20,65
DA:21,6
DA:24,1
DA:27,0
DA:31,0
DA:32,0
DA:33,0
DA:34,0
DA:35,0
DA:37,0
DA:41,0
DA:42,0
DA:43,0
DA:44,0
DA:45,0
DA:51,0
DA:52,0
DA:53,0
DA:54,0
DA:55,0
DA:56,0
DA:57,0
DA:58,0
DA:60,0
DA:61,0
DA:62,0
DA:63,0
DA:65,0
DA:66,0
DA:67,0
DA:72,0
DA:73,0
DA:74,0
DA:77,0
DA:78,0
DA:82,0
DA:83,0
DA:84,0
DA:85,0
DA:86,0
DA:87,0
DA:89,0
DA:90,0
DA:91,0
DA:92,0
DA:93,0
DA:94,0
DA:95,0
DA:96,0
DA:97,0
DA:98,0
DA:99,0
DA:100,0
DA:101,0
DA:102,0
DA:103,0
DA:104,0
DA:106,0
DA:107,0
DA:108,0
DA:110,0
DA:111,0
DA:112,0
DA:113,0
DA:114,0
DA:115,0
DA:116,0
DA:117,0
DA:118,0
DA:119,0
DA:120,0
DA:121,0
DA:122,0
DA:123,0
DA:124,0
DA:125,0
DA:126,0
DA:128,0
DA:129,0
DA:132,0
DA:135,0
DA:136,0
DA:137,0
DA:138,0
DA:142,1
DA:143,1
DA:144,1
DA:145,1
DA:146,1
DA:150,0
DA:151,0
DA:152,0
DA:153,0
DA:154,0
DA:158,0
DA:159,0
DA:160,0
DA:161,0
DA:162,0
DA:163,0
DA:164,0
DA:167,0
DA:171,0
DA:172,0
DA:173,0
DA:174,0
DA:179,0
DA:180,0
DA:181,0
DA:187,0
DA:188,0
DA:189,0
DA:190,0
DA:191,0
DA:192,0
DA:194,0
DA:195,0
DA:197,0
DA:198,0
DA:199,0
DA:200,0
DA:201,0
DA:203,0
DA:204,0
DA:205,0
DA:206,0
DA:215,0
DA:216,0
DA:222,0
DA:223,0
DA:224,0
DA:226,0
DA:227,0
DA:229,0
DA:230,0
DA:232,0
DA:233,0
DA:234,0
DA:236,0
DA:246,0
DA:247,0
DA:248,0
DA:249,0
DA:251,0
DA:252,0
DA:255,0
DA:256,0
DA:257,0
DA:258,0
DA:261,0
DA:262,0
DA:263,0
DA:264,0
DA:267,0
DA:268,0
DA:269,0
DA:272,0
DA:273,0
DA:274,0
DA:275,0
DA:276,0
DA:279,0
DA:280,0
DA:281,0
DA:283,0
DA:284,0
DA:285,0
DA:286,0
DA:287,0
DA:289,0
LF:172
LH:9
BRDA:20,0,0,5
BRDA:20,0,1,1
BRDA:137,1,0,0
BRDA:137,1,1,0
BRDA:137,2,0,0
BRDA:137,2,1,0
BRF:6
BRH:2
end_of_record
